2013-04-03 15:59:31 Debug: Number of chunks = 0 for file p17n83406o1nuvc5n9jd1nf514gq3.jpg :: contentkey = 515c275f-649c-4667-a1db-0b9c3b9153d1
2013-04-03 15:59:31 Debug: This uplaod is not a multipart upload
2013-04-03 15:59:31 Debug: The temp file name is : C:\xampp3\tmp\php62.tmp
2013-04-03 15:59:31 Debug: Tempfile successfully opend
2013-04-03 15:59:31 Debug: Binary input stream successfully opend
2013-04-03 15:59:31 Debug: The file uploads/515c275f-649c-4667-a1db-0b9c3b9153d1/p17n83406o1nuvc5n9jd1nf514gq3.jpg has been successfully uploaded.
2013-04-03 15:59:31 Debug: uploads/515c275f-649c-4667-a1db-0b9c3b9153d1/500x300_p17n83406o1nuvc5n9jd1nf514gq3.jpg
2013-04-03 15:59:31 Debug: uploads/515c275f-649c-4667-a1db-0b9c3b9153d1/100x75_p17n83406o1nuvc5n9jd1nf514gq3.jpg
2013-04-03 16:00:28 Debug: Number of chunks = 0 for file p17n835ma913cu6e2rae30g1av13.jpg :: contentkey = 515c275f-649c-4667-a1db-0b9c3b9153d1
2013-04-03 16:00:28 Debug: This uplaod is not a multipart upload
2013-04-03 16:00:28 Debug: The temp file name is : C:\xampp3\tmp\php63.tmp
2013-04-03 16:00:28 Debug: Tempfile successfully opend
2013-04-03 16:00:28 Debug: Binary input stream successfully opend
2013-04-03 16:00:28 Debug: The file uploads/515c275f-649c-4667-a1db-0b9c3b9153d1/p17n835ma913cu6e2rae30g1av13.jpg has been successfully uploaded.
2013-04-03 16:00:28 Debug: uploads/515c275f-649c-4667-a1db-0b9c3b9153d1/500x300_p17n835ma913cu6e2rae30g1av13.jpg
2013-04-03 16:00:28 Debug: uploads/515c275f-649c-4667-a1db-0b9c3b9153d1/100x75_p17n835ma913cu6e2rae30g1av13.jpg
2013-04-03 16:03:56 Debug: Number of chunks = 3 for file p17n83c2u2186518sj12kcoacte3.jpg :: contentkey = 515c275f-649c-4667-a1db-0b9c3b9153d1
2013-04-03 16:03:56 Debug: This uplaod is not a multipart upload
2013-04-03 16:03:56 Debug: The temp file name is : C:\xampp3\tmp\php64.tmp
2013-04-03 16:03:56 Debug: Tempfile successfully opend
2013-04-03 16:03:56 Debug: Binary input stream successfully opend
2013-04-03 16:03:57 Debug: Number of chunks = 3 for file p17n83c2u2186518sj12kcoacte3.jpg :: contentkey = 515c275f-649c-4667-a1db-0b9c3b9153d1
2013-04-03 16:03:57 Debug: This uplaod is not a multipart upload
2013-04-03 16:03:57 Debug: The temp file name is : C:\xampp3\tmp\php65.tmp
2013-04-03 16:03:57 Debug: Tempfile successfully opend
2013-04-03 16:03:57 Debug: Binary input stream successfully opend
2013-04-03 16:03:57 Debug: Number of chunks = 3 for file p17n83c2u2186518sj12kcoacte3.jpg :: contentkey = 515c275f-649c-4667-a1db-0b9c3b9153d1
2013-04-03 16:03:57 Debug: This uplaod is not a multipart upload
2013-04-03 16:03:57 Debug: The temp file name is : C:\xampp3\tmp\php66.tmp
2013-04-03 16:03:57 Debug: Tempfile successfully opend
2013-04-03 16:03:57 Debug: Binary input stream successfully opend
2013-04-03 16:03:57 Debug: The file uploads/515c275f-649c-4667-a1db-0b9c3b9153d1/p17n83c2u2186518sj12kcoacte3.jpg has been successfully uploaded.
2013-04-03 16:03:57 Debug: /500x300_p17n83c2u2186518sj12kcoacte3.jpg
2013-04-03 16:03:58 Debug: /100x75_p17n83c2u2186518sj12kcoacte3.jpg
2013-04-03 16:26:07 Debug: Number of chunks = 0 for file p17n84kl86147gqql6dh1c1vadd3.jpg :: contentkey = 515c3044-0bfc-4246-a40b-0b9c3b9153d1
2013-04-03 16:26:07 Debug: This uplaod is not a multipart upload
2013-04-03 16:26:07 Debug: The temp file name is : C:\xampp3\tmp\php67.tmp
2013-04-03 16:26:07 Debug: Tempfile successfully opend
2013-04-03 16:26:07 Debug: Binary input stream successfully opend
2013-04-03 16:26:07 Debug: The file uploads/515c3044-0bfc-4246-a40b-0b9c3b9153d1/p17n84kl86147gqql6dh1c1vadd3.jpg has been successfully uploaded.
2013-04-03 16:26:07 Debug: /500x300_p17n84kl86147gqql6dh1c1vadd3.jpg
2013-04-03 16:26:07 Debug: /100x75_p17n84kl86147gqql6dh1c1vadd3.jpg
2013-04-03 16:27:20 Debug: 
2013-04-03 16:27:48 Debug: Number of chunks = 0 for file p17n84npm2mu5114p1033c531pp43.jpg :: contentkey = 515c3044-0bfc-4246-a40b-0b9c3b9153d1
2013-04-03 16:27:48 Debug: This uplaod is not a multipart upload
2013-04-03 16:27:48 Debug: The temp file name is : C:\xampp3\tmp\php68.tmp
2013-04-03 16:27:48 Debug: Tempfile successfully opend
2013-04-03 16:27:48 Debug: Binary input stream successfully opend
2013-04-03 16:27:48 Debug: The file uploads/515c3044-0bfc-4246-a40b-0b9c3b9153d1/p17n84npm2mu5114p1033c531pp43.jpg has been successfully uploaded.
2013-04-03 16:27:48 Debug: /500x300_p17n84npm2mu5114p1033c531pp43.jpg
2013-04-03 16:27:48 Debug: /100x75_p17n84npm2mu5114p1033c531pp43.jpg
2013-04-03 16:27:51 Debug: 
2013-04-03 16:28:28 Debug: Number of chunks = 0 for file p17n84p0241l5j1ng5ghr11ja19ie3.jpg :: contentkey = 515c3044-0bfc-4246-a40b-0b9c3b9153d1
2013-04-03 16:28:28 Debug: This uplaod is not a multipart upload
2013-04-03 16:28:28 Debug: The temp file name is : C:\xampp3\tmp\php69.tmp
2013-04-03 16:28:28 Debug: Tempfile successfully opend
2013-04-03 16:28:28 Debug: Binary input stream successfully opend
2013-04-03 16:28:28 Debug: The file uploads/515c3044-0bfc-4246-a40b-0b9c3b9153d1/p17n84p0241l5j1ng5ghr11ja19ie3.jpg has been successfully uploaded.
2013-04-03 16:28:28 Debug: /500x300_p17n84p0241l5j1ng5ghr11ja19ie3.jpg
2013-04-03 16:28:28 Debug: /100x75_p17n84p0241l5j1ng5ghr11ja19ie3.jpg
2013-04-03 16:32:16 Debug: Number of chunks = 3 for file p17n84vv1repc1trj1grg11jj10s03.jpg :: contentkey = 515c3044-0bfc-4246-a40b-0b9c3b9153d1
2013-04-03 16:32:16 Debug: This uplaod is not a multipart upload
2013-04-03 16:32:16 Debug: The temp file name is : C:\xampp3\tmp\php6A.tmp
2013-04-03 16:32:16 Debug: Tempfile successfully opend
2013-04-03 16:32:16 Debug: Binary input stream successfully opend
2013-04-03 16:32:16 Debug: Number of chunks = 3 for file p17n84vv1repc1trj1grg11jj10s03.jpg :: contentkey = 515c3044-0bfc-4246-a40b-0b9c3b9153d1
2013-04-03 16:32:16 Debug: This uplaod is not a multipart upload
2013-04-03 16:32:16 Debug: The temp file name is : C:\xampp3\tmp\php6B.tmp
2013-04-03 16:32:16 Debug: Tempfile successfully opend
2013-04-03 16:32:16 Debug: Binary input stream successfully opend
2013-04-03 16:32:16 Debug: Number of chunks = 3 for file p17n84vv1repc1trj1grg11jj10s03.jpg :: contentkey = 515c3044-0bfc-4246-a40b-0b9c3b9153d1
2013-04-03 16:32:16 Debug: This uplaod is not a multipart upload
2013-04-03 16:32:16 Debug: The temp file name is : C:\xampp3\tmp\php6C.tmp
2013-04-03 16:32:16 Debug: Tempfile successfully opend
2013-04-03 16:32:16 Debug: Binary input stream successfully opend
2013-04-03 16:32:16 Debug: The file uploads/515c3044-0bfc-4246-a40b-0b9c3b9153d1/p17n84vv1repc1trj1grg11jj10s03.jpg has been successfully uploaded.
2013-04-03 16:32:16 Debug: /500x300_p17n84vv1repc1trj1grg11jj10s03.jpg
2013-04-03 16:32:17 Debug: /100x75_p17n84vv1repc1trj1grg11jj10s03.jpg
2013-04-03 16:32:38 Debug: Number of chunks = 0 for file p17n850kfrbd2131tplb4981stk3.jpg :: contentkey = 515c3044-0bfc-4246-a40b-0b9c3b9153d1
2013-04-03 16:32:38 Debug: This uplaod is not a multipart upload
2013-04-03 16:32:38 Debug: The temp file name is : C:\xampp3\tmp\php6D.tmp
2013-04-03 16:32:38 Debug: Tempfile successfully opend
2013-04-03 16:32:38 Debug: Binary input stream successfully opend
2013-04-03 16:32:38 Debug: The file uploads/515c3044-0bfc-4246-a40b-0b9c3b9153d1/p17n850kfrbd2131tplb4981stk3.jpg has been successfully uploaded.
2013-04-03 16:32:38 Debug: /500x300_p17n850kfrbd2131tplb4981stk3.jpg
2013-04-03 16:32:38 Debug: /100x75_p17n850kfrbd2131tplb4981stk3.jpg
2013-04-03 16:32:38 Debug: Number of chunks = 0 for file p17n850kfrelt16eainose1lbm4.jpg :: contentkey = 515c3044-0bfc-4246-a40b-0b9c3b9153d1
2013-04-03 16:32:38 Debug: This uplaod is not a multipart upload
2013-04-03 16:32:38 Debug: The temp file name is : C:\xampp3\tmp\php6E.tmp
2013-04-03 16:32:38 Debug: Tempfile successfully opend
2013-04-03 16:32:38 Debug: Binary input stream successfully opend
2013-04-03 16:32:38 Debug: The file uploads/515c3044-0bfc-4246-a40b-0b9c3b9153d1/p17n850kfrelt16eainose1lbm4.jpg has been successfully uploaded.
2013-04-03 16:32:38 Debug: /500x300_p17n850kfrelt16eainose1lbm4.jpg
2013-04-03 16:32:38 Debug: /100x75_p17n850kfrelt16eainose1lbm4.jpg
2013-04-03 16:32:38 Debug: Number of chunks = 0 for file p17n850kfr1198ivb1oimfjs1a2o5.jpg :: contentkey = 515c3044-0bfc-4246-a40b-0b9c3b9153d1
2013-04-03 16:32:38 Debug: This uplaod is not a multipart upload
2013-04-03 16:32:38 Debug: The temp file name is : C:\xampp3\tmp\php6F.tmp
2013-04-03 16:32:38 Debug: Tempfile successfully opend
2013-04-03 16:32:38 Debug: Binary input stream successfully opend
2013-04-03 16:32:38 Debug: The file uploads/515c3044-0bfc-4246-a40b-0b9c3b9153d1/p17n850kfr1198ivb1oimfjs1a2o5.jpg has been successfully uploaded.
2013-04-03 16:32:38 Debug: /500x300_p17n850kfr1198ivb1oimfjs1a2o5.jpg
2013-04-03 16:32:38 Debug: /100x75_p17n850kfr1198ivb1oimfjs1a2o5.jpg
2013-04-03 16:32:38 Debug: Number of chunks = 0 for file p17n850kfs7uliu2m411bss15q6.jpg :: contentkey = 515c3044-0bfc-4246-a40b-0b9c3b9153d1
2013-04-03 16:32:38 Debug: This uplaod is not a multipart upload
2013-04-03 16:32:38 Debug: The temp file name is : C:\xampp3\tmp\php70.tmp
2013-04-03 16:32:38 Debug: Tempfile successfully opend
2013-04-03 16:32:38 Debug: Binary input stream successfully opend
2013-04-03 16:32:38 Debug: The file uploads/515c3044-0bfc-4246-a40b-0b9c3b9153d1/p17n850kfs7uliu2m411bss15q6.jpg has been successfully uploaded.
2013-04-03 16:32:38 Debug: /500x300_p17n850kfs7uliu2m411bss15q6.jpg
2013-04-03 16:32:38 Debug: /100x75_p17n850kfs7uliu2m411bss15q6.jpg
2013-04-03 16:32:38 Debug: Number of chunks = 0 for file p17n850kfs96v3rj1g51d2d10au7.jpg :: contentkey = 515c3044-0bfc-4246-a40b-0b9c3b9153d1
2013-04-03 16:32:38 Debug: This uplaod is not a multipart upload
2013-04-03 16:32:38 Debug: The temp file name is : C:\xampp3\tmp\php71.tmp
2013-04-03 16:32:38 Debug: Tempfile successfully opend
2013-04-03 16:32:38 Debug: Binary input stream successfully opend
2013-04-03 16:32:38 Debug: The file uploads/515c3044-0bfc-4246-a40b-0b9c3b9153d1/p17n850kfs96v3rj1g51d2d10au7.jpg has been successfully uploaded.
2013-04-03 16:32:38 Debug: /500x300_p17n850kfs96v3rj1g51d2d10au7.jpg
2013-04-03 16:32:38 Debug: /100x75_p17n850kfs96v3rj1g51d2d10au7.jpg
2013-04-03 16:33:26 Debug: Number of chunks = 3 for file p17n85234j14nbc1dps4id18113.jpg :: contentkey = 515c3044-0bfc-4246-a40b-0b9c3b9153d1
2013-04-03 16:33:26 Debug: This uplaod is not a multipart upload
2013-04-03 16:33:26 Debug: The temp file name is : C:\xampp3\tmp\php72.tmp
2013-04-03 16:33:26 Debug: Tempfile successfully opend
2013-04-03 16:33:26 Debug: Binary input stream successfully opend
2013-04-03 16:33:26 Debug: Number of chunks = 3 for file p17n85234j14nbc1dps4id18113.jpg :: contentkey = 515c3044-0bfc-4246-a40b-0b9c3b9153d1
2013-04-03 16:33:26 Debug: This uplaod is not a multipart upload
2013-04-03 16:33:26 Debug: The temp file name is : C:\xampp3\tmp\php73.tmp
2013-04-03 16:33:26 Debug: Tempfile successfully opend
2013-04-03 16:33:26 Debug: Binary input stream successfully opend
2013-04-03 16:33:26 Debug: Number of chunks = 3 for file p17n85234j14nbc1dps4id18113.jpg :: contentkey = 515c3044-0bfc-4246-a40b-0b9c3b9153d1
2013-04-03 16:33:26 Debug: This uplaod is not a multipart upload
2013-04-03 16:33:26 Debug: The temp file name is : C:\xampp3\tmp\php74.tmp
2013-04-03 16:33:26 Debug: Tempfile successfully opend
2013-04-03 16:33:26 Debug: Binary input stream successfully opend
2013-04-03 16:33:26 Debug: The file uploads/515c3044-0bfc-4246-a40b-0b9c3b9153d1/p17n85234j14nbc1dps4id18113.jpg has been successfully uploaded.
2013-04-03 16:33:26 Debug: /500x300_p17n85234j14nbc1dps4id18113.jpg
2013-04-03 16:33:27 Debug: /100x75_p17n85234j14nbc1dps4id18113.jpg
2013-04-03 16:40:13 Debug: Number of chunks = 3 for file p17n85eglt1g6kp69nroo611ba43.jpg :: contentkey = 515b2096-9fd4-4286-ba7d-113a3b9153d1
2013-04-03 16:40:13 Debug: This uplaod is not a multipart upload
2013-04-03 16:40:13 Debug: The temp file name is : C:\xampp3\tmp\php75.tmp
2013-04-03 16:40:13 Debug: Tempfile successfully opend
2013-04-03 16:40:13 Debug: Binary input stream successfully opend
2013-04-03 16:40:13 Debug: Number of chunks = 3 for file p17n85eglt1g6kp69nroo611ba43.jpg :: contentkey = 515b2096-9fd4-4286-ba7d-113a3b9153d1
2013-04-03 16:40:13 Debug: This uplaod is not a multipart upload
2013-04-03 16:40:13 Debug: The temp file name is : C:\xampp3\tmp\php76.tmp
2013-04-03 16:40:13 Debug: Tempfile successfully opend
2013-04-03 16:40:13 Debug: Binary input stream successfully opend
2013-04-03 16:40:13 Debug: Number of chunks = 3 for file p17n85eglt1g6kp69nroo611ba43.jpg :: contentkey = 515b2096-9fd4-4286-ba7d-113a3b9153d1
2013-04-03 16:40:13 Debug: This uplaod is not a multipart upload
2013-04-03 16:40:13 Debug: The temp file name is : C:\xampp3\tmp\php77.tmp
2013-04-03 16:40:13 Debug: Tempfile successfully opend
2013-04-03 16:40:13 Debug: Binary input stream successfully opend
2013-04-03 16:40:13 Debug: The file uploads/515b2096-9fd4-4286-ba7d-113a3b9153d1/p17n85eglt1g6kp69nroo611ba43.jpg has been successfully uploaded.
2013-04-03 16:40:13 Debug: /500x300_p17n85eglt1g6kp69nroo611ba43.jpg
2013-04-03 16:40:14 Debug: /100x75_p17n85eglt1g6kp69nroo611ba43.jpg
2013-04-03 16:40:53 Debug: Number of chunks = 0 for file p17n85fnq21k22191o5gb1nm41sp23.jpg :: contentkey = 515b2096-9fd4-4286-ba7d-113a3b9153d1
2013-04-03 16:40:53 Debug: This uplaod is not a multipart upload
2013-04-03 16:40:53 Debug: The temp file name is : C:\xampp3\tmp\php78.tmp
2013-04-03 16:40:53 Debug: Tempfile successfully opend
2013-04-03 16:40:53 Debug: Binary input stream successfully opend
2013-04-03 16:40:53 Debug: The file uploads/515b2096-9fd4-4286-ba7d-113a3b9153d1/p17n85fnq21k22191o5gb1nm41sp23.jpg has been successfully uploaded.
2013-04-03 16:40:53 Debug: /500x300_p17n85fnq21k22191o5gb1nm41sp23.jpg
2013-04-03 16:40:53 Debug: /100x75_p17n85fnq21k22191o5gb1nm41sp23.jpg
2013-04-03 16:41:39 Debug: Number of chunks = 0 for file p17n85h4tk1odlm9913079dq1iev3.jpg :: contentkey = 515b2096-9fd4-4286-ba7d-113a3b9153d1
2013-04-03 16:41:39 Debug: This uplaod is not a multipart upload
2013-04-03 16:41:39 Debug: The temp file name is : C:\xampp3\tmp\php79.tmp
2013-04-03 16:41:39 Debug: Tempfile successfully opend
2013-04-03 16:41:39 Debug: Binary input stream successfully opend
2013-04-03 16:41:39 Debug: The file uploads/515b2096-9fd4-4286-ba7d-113a3b9153d1/p17n85h4tk1odlm9913079dq1iev3.jpg has been successfully uploaded.
2013-04-03 16:41:39 Debug: /500x300_p17n85h4tk1odlm9913079dq1iev3.jpg
2013-04-03 16:41:39 Debug: /100x75_p17n85h4tk1odlm9913079dq1iev3.jpg
