2012-06-11 10:35:18 Error: [MissingControllerException] Controller class Index.phpController could not be found.
#0 C:\xampp\htdocs\cooking\app\webroot\index.php(92): Dispatcher->dispatch(Object(CakeRequest), Object(CakeResponse))
#1 {main}
2012-06-11 14:34:53 Error: [MissingControllerException] Controller class Index.phpController could not be found.
#0 C:\xampp\htdocs\cooking\app\webroot\index.php(92): Dispatcher->dispatch(Object(CakeRequest), Object(CakeResponse))
#1 {main}
2012-06-11 14:35:12 Error: [MissingControllerException] Controller class RecipeController could not be found.
#0 C:\xampp\htdocs\cooking\app\webroot\index.php(92): Dispatcher->dispatch(Object(CakeRequest), Object(CakeResponse))
#1 {main}
2012-06-11 14:45:47 Error: [MissingViewException] View file "C:\xampp\htdocs\cooking\app\View\Recipes\a_d_d.ctp" is missing.
#0 C:\xampp\htdocs\cooking\lib\Cake\View\View.php(462): View->_getViewFileName(NULL)
#1 C:\xampp\htdocs\cooking\lib\Cake\Controller\Controller.php(959): View->render(NULL, NULL)
#2 C:\xampp\htdocs\cooking\lib\Cake\Routing\Dispatcher.php(110): Controller->render()
#3 C:\xampp\htdocs\cooking\lib\Cake\Routing\Dispatcher.php(85): Dispatcher->_invoke(Object(RecipesController), Object(CakeRequest), Object(CakeResponse))
#4 C:\xampp\htdocs\cooking\app\webroot\index.php(92): Dispatcher->dispatch(Object(CakeRequest), Object(CakeResponse))
#5 {main}
2012-06-11 14:54:04 Error: [MissingActionException] Action RecipesController::view() could not be found.
#0 C:\xampp\htdocs\cooking\lib\Cake\Routing\Dispatcher.php(103): Controller->invokeAction(Object(CakeRequest))
#1 C:\xampp\htdocs\cooking\lib\Cake\Routing\Dispatcher.php(85): Dispatcher->_invoke(Object(RecipesController), Object(CakeRequest), Object(CakeResponse))
#2 C:\xampp\htdocs\cooking\app\webroot\index.php(92): Dispatcher->dispatch(Object(CakeRequest), Object(CakeResponse))
#3 {main}
2012-06-11 16:22:00 Error: [MethodNotAllowedException] Method Not Allowed
#0 [internal function]: RecipesController->delete('1')
#1 C:\xampp\htdocs\cooking\lib\Cake\Controller\Controller.php(485): ReflectionMethod->invokeArgs(Object(RecipesController), Array)
#2 C:\xampp\htdocs\cooking\lib\Cake\Routing\Dispatcher.php(103): Controller->invokeAction(Object(CakeRequest))
#3 C:\xampp\htdocs\cooking\lib\Cake\Routing\Dispatcher.php(85): Dispatcher->_invoke(Object(RecipesController), Object(CakeRequest), Object(CakeResponse))
#4 C:\xampp\htdocs\cooking\app\webroot\index.php(92): Dispatcher->dispatch(Object(CakeRequest), Object(CakeResponse))
#5 {main}
2012-06-11 16:29:34 Error: [MissingViewException] View file "C:\xampp\htdocs\cooking\app\View\Recipes\delete.ctp" is missing.
#0 C:\xampp\htdocs\cooking\lib\Cake\View\View.php(462): View->_getViewFileName(NULL)
#1 C:\xampp\htdocs\cooking\lib\Cake\Controller\Controller.php(959): View->render(NULL, NULL)
#2 C:\xampp\htdocs\cooking\lib\Cake\Routing\Dispatcher.php(110): Controller->render()
#3 C:\xampp\htdocs\cooking\lib\Cake\Routing\Dispatcher.php(85): Dispatcher->_invoke(Object(RecipesController), Object(CakeRequest), Object(CakeResponse))
#4 C:\xampp\htdocs\cooking\app\webroot\index.php(92): Dispatcher->dispatch(Object(CakeRequest), Object(CakeResponse))
#5 {main}
2012-06-11 16:32:54 Error: [MissingActionException] Action RecipesController::view() could not be found.
#0 C:\xampp\htdocs\cooking\lib\Cake\Routing\Dispatcher.php(103): Controller->invokeAction(Object(CakeRequest))
#1 C:\xampp\htdocs\cooking\lib\Cake\Routing\Dispatcher.php(85): Dispatcher->_invoke(Object(RecipesController), Object(CakeRequest), Object(CakeResponse))
#2 C:\xampp\htdocs\cooking\app\webroot\index.php(92): Dispatcher->dispatch(Object(CakeRequest), Object(CakeResponse))
#3 {main}
2012-06-11 17:35:23 Error: [MissingActionException] Action RecipesController::view() could not be found.
#0 C:\xampp\htdocs\cooking\lib\Cake\Routing\Dispatcher.php(103): Controller->invokeAction(Object(CakeRequest))
#1 C:\xampp\htdocs\cooking\lib\Cake\Routing\Dispatcher.php(85): Dispatcher->_invoke(Object(RecipesController), Object(CakeRequest), Object(CakeResponse))
#2 C:\xampp\htdocs\cooking\app\webroot\index.php(92): Dispatcher->dispatch(Object(CakeRequest), Object(CakeResponse))
#3 {main}
2012-06-11 22:25:22 Error: [MissingControllerException] Controller class Index.phpController could not be found.
#0 C:\xampp\htdocs\cooking\app\webroot\index.php(92): Dispatcher->dispatch(Object(CakeRequest), Object(CakeResponse))
#1 {main}
2012-06-12 17:36:48 Error: [MissingControllerException] Controller class Index.phpController could not be found.
#0 C:\xampp\htdocs\cooking\app\webroot\index.php(92): Dispatcher->dispatch(Object(CakeRequest), Object(CakeResponse))
#1 {main}
2012-06-12 18:02:04 Error: [MissingControllerException] Controller class LibController could not be found.
#0 C:\xampp\htdocs\cooking\app\webroot\index.php(92): Dispatcher->dispatch(Object(CakeRequest), Object(CakeResponse))
#1 {main}
2012-06-13 14:53:33 Error: [PDOException] SQLSTATE[23000]: Integrity constraint violation: 19 column name is not unique
#0 C:\xampp\htdocs\cooking\lib\Cake\Model\Datasource\DboSource.php(437): PDOStatement->execute(Array)
#1 C:\xampp\htdocs\cooking\lib\Cake\Model\Datasource\DboSource.php(403): DboSource->_execute('INSERT INTO "ma...', Array)
#2 C:\xampp\htdocs\cooking\lib\Cake\Model\Datasource\DboSource.php(985): DboSource->execute('INSERT INTO "ma...')
#3 C:\xampp\htdocs\cooking\lib\Cake\Model\Model.php(1721): DboSource->create(Object(Category), Array, Array)
#4 C:\xampp\htdocs\cooking\app\Controller\RecipesController.php(27): Model->save(Array)
#5 [internal function]: RecipesController->add()
#6 C:\xampp\htdocs\cooking\lib\Cake\Controller\Controller.php(485): ReflectionMethod->invokeArgs(Object(RecipesController), Array)
#7 C:\xampp\htdocs\cooking\lib\Cake\Routing\Dispatcher.php(103): Controller->invokeAction(Object(CakeRequest))
#8 C:\xampp\htdocs\cooking\lib\Cake\Routing\Dispatcher.php(85): Dispatcher->_invoke(Object(RecipesController), Object(CakeRequest), Object(CakeResponse))
#9 C:\xampp\htdocs\cooking\app\webroot\index.php(92): Dispatcher->dispatch(Object(CakeRequest), Object(CakeResponse))
#10 {main}
2012-06-13 15:02:53 Error: [PDOException] SQLSTATE[23000]: Integrity constraint violation: 19 categories.name may not be NULL
#0 C:\xampp\htdocs\cooking\lib\Cake\Model\Datasource\DboSource.php(437): PDOStatement->execute(Array)
#1 C:\xampp\htdocs\cooking\lib\Cake\Model\Datasource\DboSource.php(403): DboSource->_execute('INSERT INTO "ma...', Array)
#2 C:\xampp\htdocs\cooking\lib\Cake\Model\Datasource\DboSource.php(985): DboSource->execute('INSERT INTO "ma...')
#3 C:\xampp\htdocs\cooking\lib\Cake\Model\Model.php(1721): DboSource->create(Object(Category), Array, Array)
#4 C:\xampp\htdocs\cooking\app\Controller\RecipesController.php(27): Model->save(Array)
#5 [internal function]: RecipesController->add()
#6 C:\xampp\htdocs\cooking\lib\Cake\Controller\Controller.php(485): ReflectionMethod->invokeArgs(Object(RecipesController), Array)
#7 C:\xampp\htdocs\cooking\lib\Cake\Routing\Dispatcher.php(103): Controller->invokeAction(Object(CakeRequest))
#8 C:\xampp\htdocs\cooking\lib\Cake\Routing\Dispatcher.php(85): Dispatcher->_invoke(Object(RecipesController), Object(CakeRequest), Object(CakeResponse))
#9 C:\xampp\htdocs\cooking\app\webroot\index.php(92): Dispatcher->dispatch(Object(CakeRequest), Object(CakeResponse))
#10 {main}
2012-06-13 15:04:01 Error: [PDOException] SQLSTATE[23000]: Integrity constraint violation: 19 categories.name may not be NULL
#0 C:\xampp\htdocs\cooking\lib\Cake\Model\Datasource\DboSource.php(437): PDOStatement->execute(Array)
#1 C:\xampp\htdocs\cooking\lib\Cake\Model\Datasource\DboSource.php(403): DboSource->_execute('INSERT INTO "ma...', Array)
#2 C:\xampp\htdocs\cooking\lib\Cake\Model\Datasource\DboSource.php(985): DboSource->execute('INSERT INTO "ma...')
#3 C:\xampp\htdocs\cooking\lib\Cake\Model\Model.php(1721): DboSource->create(Object(Category), Array, Array)
#4 C:\xampp\htdocs\cooking\app\Controller\RecipesController.php(27): Model->save(Array)
#5 [internal function]: RecipesController->add()
#6 C:\xampp\htdocs\cooking\lib\Cake\Controller\Controller.php(485): ReflectionMethod->invokeArgs(Object(RecipesController), Array)
#7 C:\xampp\htdocs\cooking\lib\Cake\Routing\Dispatcher.php(103): Controller->invokeAction(Object(CakeRequest))
#8 C:\xampp\htdocs\cooking\lib\Cake\Routing\Dispatcher.php(85): Dispatcher->_invoke(Object(RecipesController), Object(CakeRequest), Object(CakeResponse))
#9 C:\xampp\htdocs\cooking\app\webroot\index.php(92): Dispatcher->dispatch(Object(CakeRequest), Object(CakeResponse))
#10 {main}
2012-06-13 15:04:15 Error: [PDOException] SQLSTATE[23000]: Integrity constraint violation: 19 categories.name may not be NULL
#0 C:\xampp\htdocs\cooking\lib\Cake\Model\Datasource\DboSource.php(437): PDOStatement->execute(Array)
#1 C:\xampp\htdocs\cooking\lib\Cake\Model\Datasource\DboSource.php(403): DboSource->_execute('INSERT INTO "ma...', Array)
#2 C:\xampp\htdocs\cooking\lib\Cake\Model\Datasource\DboSource.php(985): DboSource->execute('INSERT INTO "ma...')
#3 C:\xampp\htdocs\cooking\lib\Cake\Model\Model.php(1721): DboSource->create(Object(Category), Array, Array)
#4 C:\xampp\htdocs\cooking\app\Controller\RecipesController.php(27): Model->save(Array)
#5 [internal function]: RecipesController->add()
#6 C:\xampp\htdocs\cooking\lib\Cake\Controller\Controller.php(485): ReflectionMethod->invokeArgs(Object(RecipesController), Array)
#7 C:\xampp\htdocs\cooking\lib\Cake\Routing\Dispatcher.php(103): Controller->invokeAction(Object(CakeRequest))
#8 C:\xampp\htdocs\cooking\lib\Cake\Routing\Dispatcher.php(85): Dispatcher->_invoke(Object(RecipesController), Object(CakeRequest), Object(CakeResponse))
#9 C:\xampp\htdocs\cooking\app\webroot\index.php(92): Dispatcher->dispatch(Object(CakeRequest), Object(CakeResponse))
#10 {main}
2012-06-13 15:04:31 Error: [MissingViewException] View file "C:\xampp\htdocs\cooking\app\View\Recipes\delete.ctp" is missing.
#0 C:\xampp\htdocs\cooking\lib\Cake\View\View.php(462): View->_getViewFileName(NULL)
#1 C:\xampp\htdocs\cooking\lib\Cake\Controller\Controller.php(959): View->render(NULL, NULL)
#2 C:\xampp\htdocs\cooking\lib\Cake\Routing\Dispatcher.php(110): Controller->render()
#3 C:\xampp\htdocs\cooking\lib\Cake\Routing\Dispatcher.php(85): Dispatcher->_invoke(Object(RecipesController), Object(CakeRequest), Object(CakeResponse))
#4 C:\xampp\htdocs\cooking\app\webroot\index.php(92): Dispatcher->dispatch(Object(CakeRequest), Object(CakeResponse))
#5 {main}
2012-06-13 15:04:38 Error: [MissingViewException] View file "C:\xampp\htdocs\cooking\app\View\Recipes\delete.ctp" is missing.
#0 C:\xampp\htdocs\cooking\lib\Cake\View\View.php(462): View->_getViewFileName(NULL)
#1 C:\xampp\htdocs\cooking\lib\Cake\Controller\Controller.php(959): View->render(NULL, NULL)
#2 C:\xampp\htdocs\cooking\lib\Cake\Routing\Dispatcher.php(110): Controller->render()
#3 C:\xampp\htdocs\cooking\lib\Cake\Routing\Dispatcher.php(85): Dispatcher->_invoke(Object(RecipesController), Object(CakeRequest), Object(CakeResponse))
#4 C:\xampp\htdocs\cooking\app\webroot\index.php(92): Dispatcher->dispatch(Object(CakeRequest), Object(CakeResponse))
#5 {main}
2012-06-13 15:04:58 Error: [MissingViewException] View file "C:\xampp\htdocs\cooking\app\View\Recipes\delete.ctp" is missing.
#0 C:\xampp\htdocs\cooking\lib\Cake\View\View.php(462): View->_getViewFileName(NULL)
#1 C:\xampp\htdocs\cooking\lib\Cake\Controller\Controller.php(959): View->render(NULL, NULL)
#2 C:\xampp\htdocs\cooking\lib\Cake\Routing\Dispatcher.php(110): Controller->render()
#3 C:\xampp\htdocs\cooking\lib\Cake\Routing\Dispatcher.php(85): Dispatcher->_invoke(Object(RecipesController), Object(CakeRequest), Object(CakeResponse))
#4 C:\xampp\htdocs\cooking\app\webroot\index.php(92): Dispatcher->dispatch(Object(CakeRequest), Object(CakeResponse))
#5 {main}
2012-06-13 15:19:52 Error: [MissingActionException] Action RecipesController::view() could not be found.
#0 C:\xampp\htdocs\cooking\lib\Cake\Routing\Dispatcher.php(103): Controller->invokeAction(Object(CakeRequest))
#1 C:\xampp\htdocs\cooking\lib\Cake\Routing\Dispatcher.php(85): Dispatcher->_invoke(Object(RecipesController), Object(CakeRequest), Object(CakeResponse))
#2 C:\xampp\htdocs\cooking\app\webroot\index.php(92): Dispatcher->dispatch(Object(CakeRequest), Object(CakeResponse))
#3 {main}
2012-06-14 13:57:25 Error: [PDOException] SQLSTATE[23000]: Integrity constraint violation: 19 recipes.title may not be NULL
#0 C:\xampp\htdocs\cooking\lib\Cake\Model\Datasource\DboSource.php(437): PDOStatement->execute(Array)
#1 C:\xampp\htdocs\cooking\lib\Cake\Model\Datasource\DboSource.php(403): DboSource->_execute('INSERT INTO "ma...', Array)
#2 C:\xampp\htdocs\cooking\lib\Cake\Model\Datasource\DboSource.php(985): DboSource->execute('INSERT INTO "ma...')
#3 C:\xampp\htdocs\cooking\lib\Cake\Model\Model.php(1721): DboSource->create(Object(Recipe), Array, Array)
#4 C:\xampp\htdocs\cooking\app\Controller\RecipesController.php(62): Model->save(1)
#5 [internal function]: RecipesController->edit()
#6 C:\xampp\htdocs\cooking\lib\Cake\Controller\Controller.php(485): ReflectionMethod->invokeArgs(Object(RecipesController), Array)
#7 C:\xampp\htdocs\cooking\lib\Cake\Routing\Dispatcher.php(103): Controller->invokeAction(Object(CakeRequest))
#8 C:\xampp\htdocs\cooking\lib\Cake\Routing\Dispatcher.php(85): Dispatcher->_invoke(Object(RecipesController), Object(CakeRequest), Object(CakeResponse))
#9 C:\xampp\htdocs\cooking\app\webroot\index.php(92): Dispatcher->dispatch(Object(CakeRequest), Object(CakeResponse))
#10 {main}
2012-06-14 18:05:50 Error: [PDOException] SQLSTATE[23000]: Integrity constraint violation: 19 categories.name may not be NULL
#0 C:\xampp\htdocs\cooking\lib\Cake\Model\Datasource\DboSource.php(437): PDOStatement->execute(Array)
#1 C:\xampp\htdocs\cooking\lib\Cake\Model\Datasource\DboSource.php(403): DboSource->_execute('INSERT INTO "ma...', Array)
#2 C:\xampp\htdocs\cooking\lib\Cake\Model\Datasource\DboSource.php(985): DboSource->execute('INSERT INTO "ma...')
#3 C:\xampp\htdocs\cooking\lib\Cake\Model\Model.php(1721): DboSource->create(Object(Category), Array, Array)
#4 C:\xampp\htdocs\cooking\app\Controller\RecipesController.php(88): Model->save(Array)
#5 [internal function]: RecipesController->edit('77')
#6 C:\xampp\htdocs\cooking\lib\Cake\Controller\Controller.php(485): ReflectionMethod->invokeArgs(Object(RecipesController), Array)
#7 C:\xampp\htdocs\cooking\lib\Cake\Routing\Dispatcher.php(103): Controller->invokeAction(Object(CakeRequest))
#8 C:\xampp\htdocs\cooking\lib\Cake\Routing\Dispatcher.php(85): Dispatcher->_invoke(Object(RecipesController), Object(CakeRequest), Object(CakeResponse))
#9 C:\xampp\htdocs\cooking\app\webroot\index.php(92): Dispatcher->dispatch(Object(CakeRequest), Object(CakeResponse))
#10 {main}
2012-06-14 18:06:33 Error: [PDOException] SQLSTATE[23000]: Integrity constraint violation: 19 categories.name may not be NULL
#0 C:\xampp\htdocs\cooking\lib\Cake\Model\Datasource\DboSource.php(437): PDOStatement->execute(Array)
#1 C:\xampp\htdocs\cooking\lib\Cake\Model\Datasource\DboSource.php(403): DboSource->_execute('INSERT INTO "ma...', Array)
#2 C:\xampp\htdocs\cooking\lib\Cake\Model\Datasource\DboSource.php(985): DboSource->execute('INSERT INTO "ma...')
#3 C:\xampp\htdocs\cooking\lib\Cake\Model\Model.php(1721): DboSource->create(Object(Category), Array, Array)
#4 C:\xampp\htdocs\cooking\app\Controller\RecipesController.php(88): Model->save(Array)
#5 [internal function]: RecipesController->edit('77')
#6 C:\xampp\htdocs\cooking\lib\Cake\Controller\Controller.php(485): ReflectionMethod->invokeArgs(Object(RecipesController), Array)
#7 C:\xampp\htdocs\cooking\lib\Cake\Routing\Dispatcher.php(103): Controller->invokeAction(Object(CakeRequest))
#8 C:\xampp\htdocs\cooking\lib\Cake\Routing\Dispatcher.php(85): Dispatcher->_invoke(Object(RecipesController), Object(CakeRequest), Object(CakeResponse))
#9 C:\xampp\htdocs\cooking\app\webroot\index.php(92): Dispatcher->dispatch(Object(CakeRequest), Object(CakeResponse))
#10 {main}
2012-06-14 18:07:17 Error: [PDOException] SQLSTATE[23000]: Integrity constraint violation: 19 categories.name may not be NULL
#0 C:\xampp\htdocs\cooking\lib\Cake\Model\Datasource\DboSource.php(437): PDOStatement->execute(Array)
#1 C:\xampp\htdocs\cooking\lib\Cake\Model\Datasource\DboSource.php(403): DboSource->_execute('INSERT INTO "ma...', Array)
#2 C:\xampp\htdocs\cooking\lib\Cake\Model\Datasource\DboSource.php(985): DboSource->execute('INSERT INTO "ma...')
#3 C:\xampp\htdocs\cooking\lib\Cake\Model\Model.php(1721): DboSource->create(Object(Category), Array, Array)
#4 C:\xampp\htdocs\cooking\app\Controller\RecipesController.php(88): Model->save(Array)
#5 [internal function]: RecipesController->edit('77')
#6 C:\xampp\htdocs\cooking\lib\Cake\Controller\Controller.php(485): ReflectionMethod->invokeArgs(Object(RecipesController), Array)
#7 C:\xampp\htdocs\cooking\lib\Cake\Routing\Dispatcher.php(103): Controller->invokeAction(Object(CakeRequest))
#8 C:\xampp\htdocs\cooking\lib\Cake\Routing\Dispatcher.php(85): Dispatcher->_invoke(Object(RecipesController), Object(CakeRequest), Object(CakeResponse))
#9 C:\xampp\htdocs\cooking\app\webroot\index.php(92): Dispatcher->dispatch(Object(CakeRequest), Object(CakeResponse))
#10 {main}
2012-06-14 18:08:56 Error: [PDOException] SQLSTATE[23000]: Integrity constraint violation: 19 categories.name may not be NULL
#0 C:\xampp\htdocs\cooking\lib\Cake\Model\Datasource\DboSource.php(437): PDOStatement->execute(Array)
#1 C:\xampp\htdocs\cooking\lib\Cake\Model\Datasource\DboSource.php(403): DboSource->_execute('INSERT INTO "ma...', Array)
#2 C:\xampp\htdocs\cooking\lib\Cake\Model\Datasource\DboSource.php(985): DboSource->execute('INSERT INTO "ma...')
#3 C:\xampp\htdocs\cooking\lib\Cake\Model\Model.php(1721): DboSource->create(Object(Category), Array, Array)
#4 C:\xampp\htdocs\cooking\app\Controller\RecipesController.php(88): Model->save(Array)
#5 [internal function]: RecipesController->edit('77')
#6 C:\xampp\htdocs\cooking\lib\Cake\Controller\Controller.php(485): ReflectionMethod->invokeArgs(Object(RecipesController), Array)
#7 C:\xampp\htdocs\cooking\lib\Cake\Routing\Dispatcher.php(103): Controller->invokeAction(Object(CakeRequest))
#8 C:\xampp\htdocs\cooking\lib\Cake\Routing\Dispatcher.php(85): Dispatcher->_invoke(Object(RecipesController), Object(CakeRequest), Object(CakeResponse))
#9 C:\xampp\htdocs\cooking\app\webroot\index.php(92): Dispatcher->dispatch(Object(CakeRequest), Object(CakeResponse))
#10 {main}
2012-06-14 21:24:47 Error: [MissingControllerException] Controller class Index.phpController could not be found.
#0 C:\xampp\htdocs\cooking\app\webroot\index.php(92): Dispatcher->dispatch(Object(CakeRequest), Object(CakeResponse))
#1 {main}
2012-06-18 13:50:31 Error: [MissingControllerException] Controller class Index.phpController could not be found.
#0 C:\xampp\htdocs\cooking\app\webroot\index.php(92): Dispatcher->dispatch(Object(CakeRequest), Object(CakeResponse))
#1 {main}
2012-06-18 13:50:38 Error: [MissingTableException] Table category_recipes for model CategoryRecipe was not found in datasource default.
#0 C:\xampp\htdocs\cooking\lib\Cake\Model\Model.php(3443): Model->setSource('category_recipe...')
#1 C:\xampp\htdocs\cooking\lib\Cake\Model\Datasource\DboSource.php(1044): Model->getDataSource()
#2 C:\xampp\htdocs\cooking\lib\Cake\Model\Model.php(2698): DboSource->read(Object(Recipe), Array)
#3 C:\xampp\htdocs\cooking\lib\Cake\Controller\Component\PaginatorComponent.php(172): Model->find('all', Array)
#4 C:\xampp\htdocs\cooking\lib\Cake\Controller\Controller.php(1084): PaginatorComponent->paginate('Recipe', Array, Array)
#5 C:\xampp\htdocs\cooking\app\Controller\RecipesController.php(23): Controller->paginate('Recipe')
#6 [internal function]: RecipesController->index()
#7 C:\xampp\htdocs\cooking\lib\Cake\Controller\Controller.php(485): ReflectionMethod->invokeArgs(Object(RecipesController), Array)
#8 C:\xampp\htdocs\cooking\lib\Cake\Routing\Dispatcher.php(103): Controller->invokeAction(Object(CakeRequest))
#9 C:\xampp\htdocs\cooking\lib\Cake\Routing\Dispatcher.php(85): Dispatcher->_invoke(Object(RecipesController), Object(CakeRequest), Object(CakeResponse))
#10 C:\xampp\htdocs\cooking\app\webroot\index.php(92): Dispatcher->dispatch(Object(CakeRequest), Object(CakeResponse))
#11 {main}
2012-06-18 17:23:20 Error: [MissingTableException] Table category_recipes for model CategoryRecipe was not found in datasource default.
#0 C:\xampp\htdocs\cooking\lib\Cake\Model\Model.php(3443): Model->setSource('category_recipe...')
#1 C:\xampp\htdocs\cooking\lib\Cake\Model\Datasource\DboSource.php(1044): Model->getDataSource()
#2 C:\xampp\htdocs\cooking\lib\Cake\Model\Model.php(2698): DboSource->read(Object(Recipe), Array)
#3 C:\xampp\htdocs\cooking\lib\Cake\Controller\Component\PaginatorComponent.php(172): Model->find('all', Array)
#4 C:\xampp\htdocs\cooking\lib\Cake\Controller\Controller.php(1084): PaginatorComponent->paginate('Recipe', Array, Array)
#5 C:\xampp\htdocs\cooking\app\Controller\RecipesController.php(23): Controller->paginate('Recipe')
#6 [internal function]: RecipesController->index()
#7 C:\xampp\htdocs\cooking\lib\Cake\Controller\Controller.php(485): ReflectionMethod->invokeArgs(Object(RecipesController), Array)
#8 C:\xampp\htdocs\cooking\lib\Cake\Routing\Dispatcher.php(103): Controller->invokeAction(Object(CakeRequest))
#9 C:\xampp\htdocs\cooking\lib\Cake\Routing\Dispatcher.php(85): Dispatcher->_invoke(Object(RecipesController), Object(CakeRequest), Object(CakeResponse))
#10 C:\xampp\htdocs\cooking\app\webroot\index.php(92): Dispatcher->dispatch(Object(CakeRequest), Object(CakeResponse))
#11 {main}
2012-06-18 17:23:45 Error: [MissingTableException] Table category_recipes for model CategoryRecipe was not found in datasource default.
#0 C:\xampp\htdocs\cooking\lib\Cake\Model\Model.php(3443): Model->setSource('category_recipe...')
#1 C:\xampp\htdocs\cooking\lib\Cake\Model\Datasource\DboSource.php(1044): Model->getDataSource()
#2 C:\xampp\htdocs\cooking\lib\Cake\Model\Model.php(2698): DboSource->read(Object(Recipe), Array)
#3 C:\xampp\htdocs\cooking\lib\Cake\Controller\Component\PaginatorComponent.php(172): Model->find('all', Array)
#4 C:\xampp\htdocs\cooking\lib\Cake\Controller\Controller.php(1084): PaginatorComponent->paginate('Recipe', Array, Array)
#5 C:\xampp\htdocs\cooking\app\Controller\RecipesController.php(23): Controller->paginate('Recipe')
#6 [internal function]: RecipesController->index()
#7 C:\xampp\htdocs\cooking\lib\Cake\Controller\Controller.php(485): ReflectionMethod->invokeArgs(Object(RecipesController), Array)
#8 C:\xampp\htdocs\cooking\lib\Cake\Routing\Dispatcher.php(103): Controller->invokeAction(Object(CakeRequest))
#9 C:\xampp\htdocs\cooking\lib\Cake\Routing\Dispatcher.php(85): Dispatcher->_invoke(Object(RecipesController), Object(CakeRequest), Object(CakeResponse))
#10 C:\xampp\htdocs\cooking\app\webroot\index.php(92): Dispatcher->dispatch(Object(CakeRequest), Object(CakeResponse))
#11 {main}
2012-06-18 17:24:16 Error: [MissingControllerException] Controller class Index.phpController could not be found.
#0 C:\xampp\htdocs\cooking\app\webroot\index.php(92): Dispatcher->dispatch(Object(CakeRequest), Object(CakeResponse))
#1 {main}
2012-06-18 17:24:29 Error: [MissingControllerException] Controller class RecipeController could not be found.
#0 C:\xampp\htdocs\cooking\app\webroot\index.php(92): Dispatcher->dispatch(Object(CakeRequest), Object(CakeResponse))
#1 {main}
2012-06-18 17:24:41 Error: [MissingTableException] Table category_recipes for model CategoryRecipe was not found in datasource default.
#0 C:\xampp\htdocs\cooking\lib\Cake\Model\Model.php(3443): Model->setSource('category_recipe...')
#1 C:\xampp\htdocs\cooking\lib\Cake\Model\Datasource\DboSource.php(1044): Model->getDataSource()
#2 C:\xampp\htdocs\cooking\lib\Cake\Model\Model.php(2698): DboSource->read(Object(Recipe), Array)
#3 C:\xampp\htdocs\cooking\lib\Cake\Controller\Component\PaginatorComponent.php(172): Model->find('all', Array)
#4 C:\xampp\htdocs\cooking\lib\Cake\Controller\Controller.php(1084): PaginatorComponent->paginate('Recipe', Array, Array)
#5 C:\xampp\htdocs\cooking\app\Controller\RecipesController.php(23): Controller->paginate('Recipe')
#6 [internal function]: RecipesController->index()
#7 C:\xampp\htdocs\cooking\lib\Cake\Controller\Controller.php(485): ReflectionMethod->invokeArgs(Object(RecipesController), Array)
#8 C:\xampp\htdocs\cooking\lib\Cake\Routing\Dispatcher.php(103): Controller->invokeAction(Object(CakeRequest))
#9 C:\xampp\htdocs\cooking\lib\Cake\Routing\Dispatcher.php(85): Dispatcher->_invoke(Object(RecipesController), Object(CakeRequest), Object(CakeResponse))
#10 C:\xampp\htdocs\cooking\app\webroot\index.php(92): Dispatcher->dispatch(Object(CakeRequest), Object(CakeResponse))
#11 {main}
2012-06-18 17:26:44 Error: [MissingTableException] Table categories_recipe for model CategoryRecipe was not found in datasource default.
#0 C:\xampp\htdocs\cooking\lib\Cake\Model\Model.php(3443): Model->setSource('categories_reci...')
#1 C:\xampp\htdocs\cooking\lib\Cake\Model\Datasource\DboSource.php(1044): Model->getDataSource()
#2 C:\xampp\htdocs\cooking\lib\Cake\Model\Model.php(2698): DboSource->read(Object(Recipe), Array)
#3 C:\xampp\htdocs\cooking\lib\Cake\Controller\Component\PaginatorComponent.php(172): Model->find('all', Array)
#4 C:\xampp\htdocs\cooking\lib\Cake\Controller\Controller.php(1084): PaginatorComponent->paginate('Recipe', Array, Array)
#5 C:\xampp\htdocs\cooking\app\Controller\RecipesController.php(23): Controller->paginate('Recipe')
#6 [internal function]: RecipesController->index()
#7 C:\xampp\htdocs\cooking\lib\Cake\Controller\Controller.php(485): ReflectionMethod->invokeArgs(Object(RecipesController), Array)
#8 C:\xampp\htdocs\cooking\lib\Cake\Routing\Dispatcher.php(103): Controller->invokeAction(Object(CakeRequest))
#9 C:\xampp\htdocs\cooking\lib\Cake\Routing\Dispatcher.php(85): Dispatcher->_invoke(Object(RecipesController), Object(CakeRequest), Object(CakeResponse))
#10 C:\xampp\htdocs\cooking\app\webroot\index.php(92): Dispatcher->dispatch(Object(CakeRequest), Object(CakeResponse))
#11 {main}
2012-06-19 12:19:32 Error: [MissingActionException] Action RecipesController::view() could not be found.
#0 C:\xampp\htdocs\cooking\lib\Cake\Routing\Dispatcher.php(103): Controller->invokeAction(Object(CakeRequest))
#1 C:\xampp\htdocs\cooking\lib\Cake\Routing\Dispatcher.php(85): Dispatcher->_invoke(Object(RecipesController), Object(CakeRequest), Object(CakeResponse))
#2 C:\xampp\htdocs\cooking\app\webroot\index.php(92): Dispatcher->dispatch(Object(CakeRequest), Object(CakeResponse))
#3 {main}
2012-06-19 18:00:39 Error: [MissingPluginException] Plugin Media could not be found.
#0 C:\xampp\htdocs\cooking\lib\Cake\Core\App.php(364): CakePlugin::path('Media')
#1 C:\xampp\htdocs\cooking\lib\Cake\Core\App.php(225): App::pluginPath('Media')
#2 C:\xampp\htdocs\cooking\lib\Cake\Core\App.php(542): App::path('Model/Behavior', 'Media')
#3 [internal function]: App::load('TransferBehavio...')
#4 [internal function]: spl_autoload_call('TransferBehavio...')
#5 C:\xampp\htdocs\cooking\lib\Cake\Model\BehaviorCollection.php(121): class_exists('TransferBehavio...')
#6 C:\xampp\htdocs\cooking\lib\Cake\Model\BehaviorCollection.php(68): BehaviorCollection->load('Media.Transfer', Array)
#7 C:\xampp\htdocs\cooking\lib\Cake\Model\Model.php(725): BehaviorCollection->init('Recipe', Array)
#8 [internal function]: Model->__construct(Array)
#9 C:\xampp\htdocs\cooking\lib\Cake\Utility\ClassRegistry.php(156): ReflectionClass->newInstance(Array)
#10 C:\xampp\htdocs\cooking\lib\Cake\Controller\Controller.php(734): ClassRegistry::init(Array)
#11 C:\xampp\htdocs\cooking\lib\Cake\Controller\Controller.php(366): Controller->loadModel('Recipe')
#12 C:\xampp\htdocs\cooking\lib\Cake\Controller\Controller.php(404): Controller->__isset('Recipe')
#13 C:\xampp\htdocs\cooking\app\Controller\RecipesController.php(61): Controller->__get('Recipe')
#14 [internal function]: RecipesController->add()
#15 C:\xampp\htdocs\cooking\lib\Cake\Controller\Controller.php(485): ReflectionMethod->invokeArgs(Object(RecipesController), Array)
#16 C:\xampp\htdocs\cooking\lib\Cake\Routing\Dispatcher.php(103): Controller->invokeAction(Object(CakeRequest))
#17 C:\xampp\htdocs\cooking\lib\Cake\Routing\Dispatcher.php(85): Dispatcher->_invoke(Object(RecipesController), Object(CakeRequest), Object(CakeResponse))
#18 C:\xampp\htdocs\cooking\app\webroot\index.php(92): Dispatcher->dispatch(Object(CakeRequest), Object(CakeResponse))
#19 {main}
2012-06-19 18:01:50 Error: [MissingPluginException] Plugin Media could not be found.
#0 C:\xampp\htdocs\cooking\lib\Cake\Core\App.php(364): CakePlugin::path('Media')
#1 C:\xampp\htdocs\cooking\lib\Cake\Core\App.php(225): App::pluginPath('Media')
#2 C:\xampp\htdocs\cooking\lib\Cake\Core\App.php(542): App::path('Model/Behavior', 'Media')
#3 [internal function]: App::load('TransferBehavio...')
#4 [internal function]: spl_autoload_call('TransferBehavio...')
#5 C:\xampp\htdocs\cooking\lib\Cake\Model\BehaviorCollection.php(121): class_exists('TransferBehavio...')
#6 C:\xampp\htdocs\cooking\lib\Cake\Model\BehaviorCollection.php(68): BehaviorCollection->load('Media.Transfer', Array)
#7 C:\xampp\htdocs\cooking\lib\Cake\Model\Model.php(725): BehaviorCollection->init('Recipe', Array)
#8 [internal function]: Model->__construct(Array)
#9 C:\xampp\htdocs\cooking\lib\Cake\Utility\ClassRegistry.php(156): ReflectionClass->newInstance(Array)
#10 C:\xampp\htdocs\cooking\lib\Cake\Controller\Controller.php(734): ClassRegistry::init(Array)
#11 C:\xampp\htdocs\cooking\lib\Cake\Controller\Controller.php(366): Controller->loadModel('Recipe')
#12 C:\xampp\htdocs\cooking\lib\Cake\Controller\Component\PaginatorComponent.php(237): Controller->__isset('Recipe')
#13 C:\xampp\htdocs\cooking\lib\Cake\Controller\Component\PaginatorComponent.php(117): PaginatorComponent->_getObject('Recipe')
#14 C:\xampp\htdocs\cooking\lib\Cake\Controller\Controller.php(1084): PaginatorComponent->paginate('Recipe', Array, Array)
#15 C:\xampp\htdocs\cooking\app\Controller\RecipesController.php(23): Controller->paginate('Recipe')
#16 [internal function]: RecipesController->index()
#17 C:\xampp\htdocs\cooking\lib\Cake\Controller\Controller.php(485): ReflectionMethod->invokeArgs(Object(RecipesController), Array)
#18 C:\xampp\htdocs\cooking\lib\Cake\Routing\Dispatcher.php(103): Controller->invokeAction(Object(CakeRequest))
#19 C:\xampp\htdocs\cooking\lib\Cake\Routing\Dispatcher.php(85): Dispatcher->_invoke(Object(RecipesController), Object(CakeRequest), Object(CakeResponse))
#20 C:\xampp\htdocs\cooking\app\webroot\index.php(92): Dispatcher->dispatch(Object(CakeRequest), Object(CakeResponse))
#21 {main}
2012-06-19 18:03:02 Error: [MissingBehaviorException] Behavior class TransferBehavior could not be found.
#0 C:\xampp\htdocs\cooking\lib\Cake\Model\BehaviorCollection.php(68): BehaviorCollection->load('Media.Transfer', Array)
#1 C:\xampp\htdocs\cooking\lib\Cake\Model\Model.php(725): BehaviorCollection->init('Recipe', Array)
#2 [internal function]: Model->__construct(Array)
#3 C:\xampp\htdocs\cooking\lib\Cake\Utility\ClassRegistry.php(156): ReflectionClass->newInstance(Array)
#4 C:\xampp\htdocs\cooking\lib\Cake\Controller\Controller.php(734): ClassRegistry::init(Array)
#5 C:\xampp\htdocs\cooking\lib\Cake\Controller\Controller.php(366): Controller->loadModel('Recipe')
#6 C:\xampp\htdocs\cooking\lib\Cake\Controller\Component\PaginatorComponent.php(237): Controller->__isset('Recipe')
#7 C:\xampp\htdocs\cooking\lib\Cake\Controller\Component\PaginatorComponent.php(117): PaginatorComponent->_getObject('Recipe')
#8 C:\xampp\htdocs\cooking\lib\Cake\Controller\Controller.php(1084): PaginatorComponent->paginate('Recipe', Array, Array)
#9 C:\xampp\htdocs\cooking\app\Controller\RecipesController.php(23): Controller->paginate('Recipe')
#10 [internal function]: RecipesController->index()
#11 C:\xampp\htdocs\cooking\lib\Cake\Controller\Controller.php(485): ReflectionMethod->invokeArgs(Object(RecipesController), Array)
#12 C:\xampp\htdocs\cooking\lib\Cake\Routing\Dispatcher.php(103): Controller->invokeAction(Object(CakeRequest))
#13 C:\xampp\htdocs\cooking\lib\Cake\Routing\Dispatcher.php(85): Dispatcher->_invoke(Object(RecipesController), Object(CakeRequest), Object(CakeResponse))
#14 C:\xampp\htdocs\cooking\app\webroot\index.php(92): Dispatcher->dispatch(Object(CakeRequest), Object(CakeResponse))
#15 {main}
2012-06-19 22:22:56 Error: [MissingActionException] Action RecipesController::upload.php() could not be found.
#0 C:\xampp\htdocs\cooking\lib\Cake\Routing\Dispatcher.php(103): Controller->invokeAction(Object(CakeRequest))
#1 C:\xampp\htdocs\cooking\lib\Cake\Routing\Dispatcher.php(85): Dispatcher->_invoke(Object(RecipesController), Object(CakeRequest), Object(CakeResponse))
#2 C:\xampp\htdocs\cooking\app\webroot\index.php(92): Dispatcher->dispatch(Object(CakeRequest), Object(CakeResponse))
#3 {main}
2012-06-19 22:22:57 Error: [MissingActionException] Action RecipesController::upload.php() could not be found.
#0 C:\xampp\htdocs\cooking\lib\Cake\Routing\Dispatcher.php(103): Controller->invokeAction(Object(CakeRequest))
#1 C:\xampp\htdocs\cooking\lib\Cake\Routing\Dispatcher.php(85): Dispatcher->_invoke(Object(RecipesController), Object(CakeRequest), Object(CakeResponse))
#2 C:\xampp\htdocs\cooking\app\webroot\index.php(92): Dispatcher->dispatch(Object(CakeRequest), Object(CakeResponse))
#3 {main}
2012-06-19 22:22:57 Error: [MissingActionException] Action RecipesController::upload.php() could not be found.
#0 C:\xampp\htdocs\cooking\lib\Cake\Routing\Dispatcher.php(103): Controller->invokeAction(Object(CakeRequest))
#1 C:\xampp\htdocs\cooking\lib\Cake\Routing\Dispatcher.php(85): Dispatcher->_invoke(Object(RecipesController), Object(CakeRequest), Object(CakeResponse))
#2 C:\xampp\htdocs\cooking\app\webroot\index.php(92): Dispatcher->dispatch(Object(CakeRequest), Object(CakeResponse))
#3 {main}
2012-06-20 13:03:31 Error: [MissingControllerException] Controller class Index.phpController could not be found.
#0 C:\xampp\htdocs\cooking\app\webroot\index.php(92): Dispatcher->dispatch(Object(CakeRequest), Object(CakeResponse))
#1 {main}
2012-06-20 13:05:04 Error: [MissingActionException] Action RecipesController::upload.php() could not be found.
#0 C:\xampp\htdocs\cooking\lib\Cake\Routing\Dispatcher.php(103): Controller->invokeAction(Object(CakeRequest))
#1 C:\xampp\htdocs\cooking\lib\Cake\Routing\Dispatcher.php(85): Dispatcher->_invoke(Object(RecipesController), Object(CakeRequest), Object(CakeResponse))
#2 C:\xampp\htdocs\cooking\app\webroot\index.php(92): Dispatcher->dispatch(Object(CakeRequest), Object(CakeResponse))
#3 {main}
2012-06-20 13:05:05 Error: [MissingActionException] Action RecipesController::upload.php() could not be found.
#0 C:\xampp\htdocs\cooking\lib\Cake\Routing\Dispatcher.php(103): Controller->invokeAction(Object(CakeRequest))
#1 C:\xampp\htdocs\cooking\lib\Cake\Routing\Dispatcher.php(85): Dispatcher->_invoke(Object(RecipesController), Object(CakeRequest), Object(CakeResponse))
#2 C:\xampp\htdocs\cooking\app\webroot\index.php(92): Dispatcher->dispatch(Object(CakeRequest), Object(CakeResponse))
#3 {main}
2012-06-20 13:05:05 Error: [MissingActionException] Action RecipesController::upload.php() could not be found.
#0 C:\xampp\htdocs\cooking\lib\Cake\Routing\Dispatcher.php(103): Controller->invokeAction(Object(CakeRequest))
#1 C:\xampp\htdocs\cooking\lib\Cake\Routing\Dispatcher.php(85): Dispatcher->_invoke(Object(RecipesController), Object(CakeRequest), Object(CakeResponse))
#2 C:\xampp\htdocs\cooking\app\webroot\index.php(92): Dispatcher->dispatch(Object(CakeRequest), Object(CakeResponse))
#3 {main}
2012-06-20 13:20:03 Error: [MissingActionException] Action RecipesController::addImages() could not be found.
#0 C:\xampp\htdocs\cooking\lib\Cake\Routing\Dispatcher.php(103): Controller->invokeAction(Object(CakeRequest))
#1 C:\xampp\htdocs\cooking\lib\Cake\Routing\Dispatcher.php(85): Dispatcher->_invoke(Object(RecipesController), Object(CakeRequest), Object(CakeResponse))
#2 C:\xampp\htdocs\cooking\app\webroot\index.php(92): Dispatcher->dispatch(Object(CakeRequest), Object(CakeResponse))
#3 {main}
2012-06-20 13:20:04 Error: [MissingActionException] Action RecipesController::addImages() could not be found.
#0 C:\xampp\htdocs\cooking\lib\Cake\Routing\Dispatcher.php(103): Controller->invokeAction(Object(CakeRequest))
#1 C:\xampp\htdocs\cooking\lib\Cake\Routing\Dispatcher.php(85): Dispatcher->_invoke(Object(RecipesController), Object(CakeRequest), Object(CakeResponse))
#2 C:\xampp\htdocs\cooking\app\webroot\index.php(92): Dispatcher->dispatch(Object(CakeRequest), Object(CakeResponse))
#3 {main}
2012-06-20 18:22:07 Error: [MissingViewException] View file "C:\xampp\htdocs\cooking\app\View\Recipes\add_images.ctp" is missing.
#0 C:\xampp\htdocs\cooking\lib\Cake\View\View.php(462): View->_getViewFileName(NULL)
#1 C:\xampp\htdocs\cooking\lib\Cake\Controller\Controller.php(959): View->render(NULL, NULL)
#2 C:\xampp\htdocs\cooking\lib\Cake\Routing\Dispatcher.php(110): Controller->render()
#3 C:\xampp\htdocs\cooking\lib\Cake\Routing\Dispatcher.php(85): Dispatcher->_invoke(Object(RecipesController), Object(CakeRequest), Object(CakeResponse))
#4 C:\xampp\htdocs\cooking\app\webroot\index.php(92): Dispatcher->dispatch(Object(CakeRequest), Object(CakeResponse))
#5 {main}
2012-06-20 20:52:16 Error: [MissingViewException] View file "C:\xampp\htdocs\cooking\app\View\Recipes\add_images.ctp" is missing.
#0 C:\xampp\htdocs\cooking\lib\Cake\View\View.php(462): View->_getViewFileName(NULL)
#1 C:\xampp\htdocs\cooking\lib\Cake\Controller\Controller.php(959): View->render(NULL, NULL)
#2 C:\xampp\htdocs\cooking\lib\Cake\Routing\Dispatcher.php(110): Controller->render()
#3 C:\xampp\htdocs\cooking\lib\Cake\Routing\Dispatcher.php(85): Dispatcher->_invoke(Object(RecipesController), Object(CakeRequest), Object(CakeResponse))
#4 C:\xampp\htdocs\cooking\app\webroot\index.php(92): Dispatcher->dispatch(Object(CakeRequest), Object(CakeResponse))
#5 {main}
2012-06-25 11:58:43 Error: [MissingControllerException] Controller class Index.phpController could not be found.
#0 C:\xampp\htdocs\cooking\app\webroot\index.php(92): Dispatcher->dispatch(Object(CakeRequest), Object(CakeResponse))
#1 {main}
2012-06-25 14:43:53 Error: [MissingPluginException] Plugin AjaxMultiUpload could not be found.
#0 C:\xampp\htdocs\cooking\lib\Cake\Core\App.php(364): CakePlugin::path('AjaxMultiUpload')
#1 C:\xampp\htdocs\cooking\lib\Cake\Core\App.php(225): App::pluginPath('AjaxMultiUpload')
#2 C:\xampp\htdocs\cooking\lib\Cake\Core\App.php(542): App::path('View/Helper', 'AjaxMultiUpload')
#3 [internal function]: App::load('UploadHelper')
#4 [internal function]: spl_autoload_call('UploadHelper')
#5 C:\xampp\htdocs\cooking\lib\Cake\View\HelperCollection.php(82): class_exists('UploadHelper')
#6 C:\xampp\htdocs\cooking\lib\Cake\View\View.php(852): HelperCollection->load('AjaxMultiUpload...', Array)
#7 C:\xampp\htdocs\cooking\lib\Cake\View\View.php(458): View->loadHelpers()
#8 C:\xampp\htdocs\cooking\lib\Cake\Controller\Controller.php(959): View->render(NULL, NULL)
#9 C:\xampp\htdocs\cooking\lib\Cake\Routing\Dispatcher.php(110): Controller->render()
#10 C:\xampp\htdocs\cooking\lib\Cake\Routing\Dispatcher.php(85): Dispatcher->_invoke(Object(RecipesController), Object(CakeRequest), Object(CakeResponse))
#11 C:\xampp\htdocs\cooking\app\webroot\index.php(92): Dispatcher->dispatch(Object(CakeRequest), Object(CakeResponse))
#12 {main}
2012-06-25 14:44:26 Error: [MissingViewException] View file "C:\xampp\htdocs\cooking\app\View\Recipes\add_images.ctp" is missing.
#0 C:\xampp\htdocs\cooking\lib\Cake\View\View.php(462): View->_getViewFileName(NULL)
#1 C:\xampp\htdocs\cooking\lib\Cake\Controller\Controller.php(959): View->render(NULL, NULL)
#2 C:\xampp\htdocs\cooking\lib\Cake\Routing\Dispatcher.php(110): Controller->render()
#3 C:\xampp\htdocs\cooking\lib\Cake\Routing\Dispatcher.php(85): Dispatcher->_invoke(Object(RecipesController), Object(CakeRequest), Object(CakeResponse))
#4 C:\xampp\htdocs\cooking\app\webroot\index.php(92): Dispatcher->dispatch(Object(CakeRequest), Object(CakeResponse))
#5 {main}
2012-06-25 14:44:27 Error: [MissingViewException] View file "C:\xampp\htdocs\cooking\app\View\Recipes\add_images.ctp" is missing.
#0 C:\xampp\htdocs\cooking\lib\Cake\View\View.php(462): View->_getViewFileName(NULL)
#1 C:\xampp\htdocs\cooking\lib\Cake\Controller\Controller.php(959): View->render(NULL, NULL)
#2 C:\xampp\htdocs\cooking\lib\Cake\Routing\Dispatcher.php(110): Controller->render()
#3 C:\xampp\htdocs\cooking\lib\Cake\Routing\Dispatcher.php(85): Dispatcher->_invoke(Object(RecipesController), Object(CakeRequest), Object(CakeResponse))
#4 C:\xampp\htdocs\cooking\app\webroot\index.php(92): Dispatcher->dispatch(Object(CakeRequest), Object(CakeResponse))
#5 {main}
2012-06-25 14:46:06 Error: [MissingControllerException] Controller class Index.phpController could not be found.
#0 C:\xampp\htdocs\cooking\app\webroot\index.php(92): Dispatcher->dispatch(Object(CakeRequest), Object(CakeResponse))
#1 {main}
2012-06-25 15:36:41 Error: [MissingViewException] View file "C:\xampp\htdocs\cooking\app\View\Recipes\message.ctp" is missing.
#0 C:\xampp\htdocs\cooking\lib\Cake\View\View.php(462): View->_getViewFileName('message')
#1 C:\xampp\htdocs\cooking\lib\Cake\Controller\Controller.php(959): View->render('message', NULL)
#2 C:\xampp\htdocs\cooking\app\Controller\RecipesController.php(140): Controller->render('message')
#3 C:\xampp\htdocs\cooking\app\Controller\RecipesController.php(76): RecipesController->respond(Array, true)
#4 [internal function]: RecipesController->addImages()
#5 C:\xampp\htdocs\cooking\lib\Cake\Controller\Controller.php(485): ReflectionMethod->invokeArgs(Object(RecipesController), Array)
#6 C:\xampp\htdocs\cooking\lib\Cake\Routing\Dispatcher.php(103): Controller->invokeAction(Object(CakeRequest))
#7 C:\xampp\htdocs\cooking\lib\Cake\Routing\Dispatcher.php(85): Dispatcher->_invoke(Object(RecipesController), Object(CakeRequest), Object(CakeResponse))
#8 C:\xampp\htdocs\cooking\app\webroot\index.php(92): Dispatcher->dispatch(Object(CakeRequest), Object(CakeResponse))
#9 {main}
2012-06-25 15:38:47 Error: [MissingViewException] View file "C:\xampp\htdocs\cooking\app\View\Recipes\message.ctp" is missing.
#0 C:\xampp\htdocs\cooking\lib\Cake\View\View.php(462): View->_getViewFileName('message')
#1 C:\xampp\htdocs\cooking\lib\Cake\Controller\Controller.php(959): View->render('message', NULL)
#2 C:\xampp\htdocs\cooking\app\Controller\RecipesController.php(140): Controller->render('message')
#3 C:\xampp\htdocs\cooking\app\Controller\RecipesController.php(76): RecipesController->respond(Array, true)
#4 [internal function]: RecipesController->addImages()
#5 C:\xampp\htdocs\cooking\lib\Cake\Controller\Controller.php(485): ReflectionMethod->invokeArgs(Object(RecipesController), Array)
#6 C:\xampp\htdocs\cooking\lib\Cake\Routing\Dispatcher.php(103): Controller->invokeAction(Object(CakeRequest))
#7 C:\xampp\htdocs\cooking\lib\Cake\Routing\Dispatcher.php(85): Dispatcher->_invoke(Object(RecipesController), Object(CakeRequest), Object(CakeResponse))
#8 C:\xampp\htdocs\cooking\app\webroot\index.php(92): Dispatcher->dispatch(Object(CakeRequest), Object(CakeResponse))
#9 {main}
2012-06-25 15:39:33 Error: [MissingViewException] View file "C:\xampp\htdocs\cooking\app\View\Recipes\message.ctp" is missing.
#0 C:\xampp\htdocs\cooking\lib\Cake\View\View.php(462): View->_getViewFileName('message')
#1 C:\xampp\htdocs\cooking\lib\Cake\Controller\Controller.php(959): View->render('message', NULL)
#2 C:\xampp\htdocs\cooking\app\Controller\RecipesController.php(140): Controller->render('message')
#3 C:\xampp\htdocs\cooking\app\Controller\RecipesController.php(76): RecipesController->respond(Array, true)
#4 [internal function]: RecipesController->addImages()
#5 C:\xampp\htdocs\cooking\lib\Cake\Controller\Controller.php(485): ReflectionMethod->invokeArgs(Object(RecipesController), Array)
#6 C:\xampp\htdocs\cooking\lib\Cake\Routing\Dispatcher.php(103): Controller->invokeAction(Object(CakeRequest))
#7 C:\xampp\htdocs\cooking\lib\Cake\Routing\Dispatcher.php(85): Dispatcher->_invoke(Object(RecipesController), Object(CakeRequest), Object(CakeResponse))
#8 C:\xampp\htdocs\cooking\app\webroot\index.php(92): Dispatcher->dispatch(Object(CakeRequest), Object(CakeResponse))
#9 {main}
2012-06-25 15:43:17 Error: [MissingViewException] View file "C:\xampp\htdocs\cooking\app\View\Recipes\message.ctp" is missing.
#0 C:\xampp\htdocs\cooking\lib\Cake\View\View.php(462): View->_getViewFileName('message')
#1 C:\xampp\htdocs\cooking\lib\Cake\Controller\Controller.php(959): View->render('message', NULL)
#2 C:\xampp\htdocs\cooking\app\Controller\RecipesController.php(140): Controller->render('message')
#3 C:\xampp\htdocs\cooking\app\Controller\RecipesController.php(76): RecipesController->respond(Array, true)
#4 [internal function]: RecipesController->addImages()
#5 C:\xampp\htdocs\cooking\lib\Cake\Controller\Controller.php(485): ReflectionMethod->invokeArgs(Object(RecipesController), Array)
#6 C:\xampp\htdocs\cooking\lib\Cake\Routing\Dispatcher.php(103): Controller->invokeAction(Object(CakeRequest))
#7 C:\xampp\htdocs\cooking\lib\Cake\Routing\Dispatcher.php(85): Dispatcher->_invoke(Object(RecipesController), Object(CakeRequest), Object(CakeResponse))
#8 C:\xampp\htdocs\cooking\app\webroot\index.php(92): Dispatcher->dispatch(Object(CakeRequest), Object(CakeResponse))
#9 {main}
2012-06-25 15:55:37 Error: [MissingViewException] View file "C:\xampp\htdocs\cooking\app\View\Recipes\message.ctp" is missing.
#0 C:\xampp\htdocs\cooking\lib\Cake\View\View.php(462): View->_getViewFileName('message')
#1 C:\xampp\htdocs\cooking\lib\Cake\Controller\Controller.php(959): View->render('message', NULL)
#2 C:\xampp\htdocs\cooking\app\Controller\RecipesController.php(141): Controller->render('message')
#3 C:\xampp\htdocs\cooking\app\Controller\RecipesController.php(77): RecipesController->respond(Array, true)
#4 [internal function]: RecipesController->addImages()
#5 C:\xampp\htdocs\cooking\lib\Cake\Controller\Controller.php(485): ReflectionMethod->invokeArgs(Object(RecipesController), Array)
#6 C:\xampp\htdocs\cooking\lib\Cake\Routing\Dispatcher.php(103): Controller->invokeAction(Object(CakeRequest))
#7 C:\xampp\htdocs\cooking\lib\Cake\Routing\Dispatcher.php(85): Dispatcher->_invoke(Object(RecipesController), Object(CakeRequest), Object(CakeResponse))
#8 C:\xampp\htdocs\cooking\app\webroot\index.php(92): Dispatcher->dispatch(Object(CakeRequest), Object(CakeResponse))
#9 {main}
2012-06-25 16:01:32 Error: [MissingViewException] View file "C:\xampp\htdocs\cooking\app\View\Recipes\add_images.ctp" is missing.
#0 C:\xampp\htdocs\cooking\lib\Cake\View\View.php(462): View->_getViewFileName(NULL)
#1 C:\xampp\htdocs\cooking\lib\Cake\Controller\Controller.php(959): View->render(NULL, NULL)
#2 C:\xampp\htdocs\cooking\lib\Cake\Routing\Dispatcher.php(110): Controller->render()
#3 C:\xampp\htdocs\cooking\lib\Cake\Routing\Dispatcher.php(85): Dispatcher->_invoke(Object(RecipesController), Object(CakeRequest), Object(CakeResponse))
#4 C:\xampp\htdocs\cooking\app\webroot\index.php(92): Dispatcher->dispatch(Object(CakeRequest), Object(CakeResponse))
#5 {main}
2012-06-25 16:32:00 Error: [MissingActionException] Action RecipesController::add7() could not be found.
#0 C:\xampp\htdocs\cooking\lib\Cake\Routing\Dispatcher.php(103): Controller->invokeAction(Object(CakeRequest))
#1 C:\xampp\htdocs\cooking\lib\Cake\Routing\Dispatcher.php(85): Dispatcher->_invoke(Object(RecipesController), Object(CakeRequest), Object(CakeResponse))
#2 C:\xampp\htdocs\cooking\app\webroot\index.php(92): Dispatcher->dispatch(Object(CakeRequest), Object(CakeResponse))
#3 {main}
2012-06-25 17:09:48 Error: [MissingViewException] View file "C:\xampp\htdocs\cooking\app\View\Recipes\add_images.ctp" is missing.
#0 C:\xampp\htdocs\cooking\lib\Cake\View\View.php(462): View->_getViewFileName(NULL)
#1 C:\xampp\htdocs\cooking\lib\Cake\Controller\Controller.php(959): View->render(NULL, NULL)
#2 C:\xampp\htdocs\cooking\lib\Cake\Routing\Dispatcher.php(110): Controller->render()
#3 C:\xampp\htdocs\cooking\lib\Cake\Routing\Dispatcher.php(85): Dispatcher->_invoke(Object(RecipesController), Object(CakeRequest), Object(CakeResponse))
#4 C:\xampp\htdocs\cooking\app\webroot\index.php(92): Dispatcher->dispatch(Object(CakeRequest), Object(CakeResponse))
#5 {main}
2012-06-25 17:10:16 Error: [MissingViewException] View file "C:\xampp\htdocs\cooking\app\View\Recipes\add_images.ctp" is missing.
#0 C:\xampp\htdocs\cooking\lib\Cake\View\View.php(462): View->_getViewFileName(NULL)
#1 C:\xampp\htdocs\cooking\lib\Cake\Controller\Controller.php(959): View->render(NULL, NULL)
#2 C:\xampp\htdocs\cooking\lib\Cake\Routing\Dispatcher.php(110): Controller->render()
#3 C:\xampp\htdocs\cooking\lib\Cake\Routing\Dispatcher.php(85): Dispatcher->_invoke(Object(RecipesController), Object(CakeRequest), Object(CakeResponse))
#4 C:\xampp\htdocs\cooking\app\webroot\index.php(92): Dispatcher->dispatch(Object(CakeRequest), Object(CakeResponse))
#5 {main}
2012-06-25 17:10:56 Error: [MissingViewException] View file "C:\xampp\htdocs\cooking\app\View\Recipes\add_images.ctp" is missing.
#0 C:\xampp\htdocs\cooking\lib\Cake\View\View.php(462): View->_getViewFileName(NULL)
#1 C:\xampp\htdocs\cooking\lib\Cake\Controller\Controller.php(959): View->render(NULL, NULL)
#2 C:\xampp\htdocs\cooking\lib\Cake\Routing\Dispatcher.php(110): Controller->render()
#3 C:\xampp\htdocs\cooking\lib\Cake\Routing\Dispatcher.php(85): Dispatcher->_invoke(Object(RecipesController), Object(CakeRequest), Object(CakeResponse))
#4 C:\xampp\htdocs\cooking\app\webroot\index.php(92): Dispatcher->dispatch(Object(CakeRequest), Object(CakeResponse))
#5 {main}
2012-06-25 18:18:00 Error: [MissingViewException] View file "C:\xampp\htdocs\cooking\app\View\Recipes\add_images.ctp" is missing.
#0 C:\xampp\htdocs\cooking\lib\Cake\View\View.php(462): View->_getViewFileName(NULL)
#1 C:\xampp\htdocs\cooking\lib\Cake\Controller\Controller.php(959): View->render(NULL, NULL)
#2 C:\xampp\htdocs\cooking\lib\Cake\Routing\Dispatcher.php(110): Controller->render()
#3 C:\xampp\htdocs\cooking\lib\Cake\Routing\Dispatcher.php(85): Dispatcher->_invoke(Object(RecipesController), Object(CakeRequest), Object(CakeResponse))
#4 C:\xampp\htdocs\cooking\app\webroot\index.php(92): Dispatcher->dispatch(Object(CakeRequest), Object(CakeResponse))
#5 {main}
2012-06-25 19:38:19 Error: [MissingControllerException] Controller class Index.phpController could not be found.
#0 C:\xampp\htdocs\cooking\app\webroot\index.php(92): Dispatcher->dispatch(Object(CakeRequest), Object(CakeResponse))
#1 {main}
2012-06-25 21:39:49 Error: [MissingControllerException] Controller class Index.phpController could not be found.
#0 C:\xampp\htdocs\cooking\app\webroot\index.php(92): Dispatcher->dispatch(Object(CakeRequest), Object(CakeResponse))
#1 {main}
2012-06-25 22:59:07 Error: [MissingActionException] Action RecipesController::plupload() could not be found.
#0 C:\xampp\htdocs\cooking\lib\Cake\Routing\Dispatcher.php(103): Controller->invokeAction(Object(CakeRequest))
#1 C:\xampp\htdocs\cooking\lib\Cake\Routing\Dispatcher.php(85): Dispatcher->_invoke(Object(RecipesController), Object(CakeRequest), Object(CakeResponse))
#2 C:\xampp\htdocs\cooking\app\webroot\index.php(92): Dispatcher->dispatch(Object(CakeRequest), Object(CakeResponse))
#3 {main}
2012-06-25 23:04:49 Error: [MissingActionException] Action RecipesController::plupload() could not be found.
#0 C:\xampp\htdocs\cooking\lib\Cake\Routing\Dispatcher.php(103): Controller->invokeAction(Object(CakeRequest))
#1 C:\xampp\htdocs\cooking\lib\Cake\Routing\Dispatcher.php(85): Dispatcher->_invoke(Object(RecipesController), Object(CakeRequest), Object(CakeResponse))
#2 C:\xampp\htdocs\cooking\app\webroot\index.php(92): Dispatcher->dispatch(Object(CakeRequest), Object(CakeResponse))
#3 {main}
2012-06-25 23:06:38 Error: [MissingControllerException] Controller class WebrootController could not be found.
#0 C:\xampp\htdocs\cooking\app\webroot\index.php(92): Dispatcher->dispatch(Object(CakeRequest), Object(CakeResponse))
#1 {main}
2012-06-25 23:07:24 Error: [MissingActionException] Action RecipesController::app() could not be found.
#0 C:\xampp\htdocs\cooking\lib\Cake\Routing\Dispatcher.php(103): Controller->invokeAction(Object(CakeRequest))
#1 C:\xampp\htdocs\cooking\lib\Cake\Routing\Dispatcher.php(85): Dispatcher->_invoke(Object(RecipesController), Object(CakeRequest), Object(CakeResponse))
#2 C:\xampp\htdocs\cooking\app\webroot\index.php(92): Dispatcher->dispatch(Object(CakeRequest), Object(CakeResponse))
#3 {main}
2012-06-25 23:07:26 Error: [MissingActionException] Action RecipesController::app() could not be found.
#0 C:\xampp\htdocs\cooking\lib\Cake\Routing\Dispatcher.php(103): Controller->invokeAction(Object(CakeRequest))
#1 C:\xampp\htdocs\cooking\lib\Cake\Routing\Dispatcher.php(85): Dispatcher->_invoke(Object(RecipesController), Object(CakeRequest), Object(CakeResponse))
#2 C:\xampp\htdocs\cooking\app\webroot\index.php(92): Dispatcher->dispatch(Object(CakeRequest), Object(CakeResponse))
#3 {main}
2012-06-25 23:09:09 Error: [MissingActionException] Action RecipesController::app() could not be found.
#0 C:\xampp\htdocs\cooking\lib\Cake\Routing\Dispatcher.php(103): Controller->invokeAction(Object(CakeRequest))
#1 C:\xampp\htdocs\cooking\lib\Cake\Routing\Dispatcher.php(85): Dispatcher->_invoke(Object(RecipesController), Object(CakeRequest), Object(CakeResponse))
#2 C:\xampp\htdocs\cooking\app\webroot\index.php(92): Dispatcher->dispatch(Object(CakeRequest), Object(CakeResponse))
#3 {main}
2012-06-25 23:11:33 Error: [MissingActionException] Action RecipesController::plupload() could not be found.
#0 C:\xampp\htdocs\cooking\lib\Cake\Routing\Dispatcher.php(103): Controller->invokeAction(Object(CakeRequest))
#1 C:\xampp\htdocs\cooking\lib\Cake\Routing\Dispatcher.php(85): Dispatcher->_invoke(Object(RecipesController), Object(CakeRequest), Object(CakeResponse))
#2 C:\xampp\htdocs\cooking\app\webroot\index.php(92): Dispatcher->dispatch(Object(CakeRequest), Object(CakeResponse))
#3 {main}
2012-06-25 23:11:36 Error: [MissingActionException] Action RecipesController::plupload() could not be found.
#0 C:\xampp\htdocs\cooking\lib\Cake\Routing\Dispatcher.php(103): Controller->invokeAction(Object(CakeRequest))
#1 C:\xampp\htdocs\cooking\lib\Cake\Routing\Dispatcher.php(85): Dispatcher->_invoke(Object(RecipesController), Object(CakeRequest), Object(CakeResponse))
#2 C:\xampp\htdocs\cooking\app\webroot\index.php(92): Dispatcher->dispatch(Object(CakeRequest), Object(CakeResponse))
#3 {main}
2012-06-25 23:11:37 Error: [MissingActionException] Action RecipesController::plupload() could not be found.
#0 C:\xampp\htdocs\cooking\lib\Cake\Routing\Dispatcher.php(103): Controller->invokeAction(Object(CakeRequest))
#1 C:\xampp\htdocs\cooking\lib\Cake\Routing\Dispatcher.php(85): Dispatcher->_invoke(Object(RecipesController), Object(CakeRequest), Object(CakeResponse))
#2 C:\xampp\htdocs\cooking\app\webroot\index.php(92): Dispatcher->dispatch(Object(CakeRequest), Object(CakeResponse))
#3 {main}
2012-06-25 23:11:58 Error: [MissingActionException] Action RecipesController::plupload() could not be found.
#0 C:\xampp\htdocs\cooking\lib\Cake\Routing\Dispatcher.php(103): Controller->invokeAction(Object(CakeRequest))
#1 C:\xampp\htdocs\cooking\lib\Cake\Routing\Dispatcher.php(85): Dispatcher->_invoke(Object(RecipesController), Object(CakeRequest), Object(CakeResponse))
#2 C:\xampp\htdocs\cooking\app\webroot\index.php(92): Dispatcher->dispatch(Object(CakeRequest), Object(CakeResponse))
#3 {main}
2012-06-25 23:13:34 Error: [MissingActionException] Action RecipesController::plupload() could not be found.
#0 C:\xampp\htdocs\cooking\lib\Cake\Routing\Dispatcher.php(103): Controller->invokeAction(Object(CakeRequest))
#1 C:\xampp\htdocs\cooking\lib\Cake\Routing\Dispatcher.php(85): Dispatcher->_invoke(Object(RecipesController), Object(CakeRequest), Object(CakeResponse))
#2 C:\xampp\htdocs\cooking\app\webroot\index.php(92): Dispatcher->dispatch(Object(CakeRequest), Object(CakeResponse))
#3 {main}
2012-06-25 23:13:38 Error: [MissingActionException] Action RecipesController::plupload() could not be found.
#0 C:\xampp\htdocs\cooking\lib\Cake\Routing\Dispatcher.php(103): Controller->invokeAction(Object(CakeRequest))
#1 C:\xampp\htdocs\cooking\lib\Cake\Routing\Dispatcher.php(85): Dispatcher->_invoke(Object(RecipesController), Object(CakeRequest), Object(CakeResponse))
#2 C:\xampp\htdocs\cooking\app\webroot\index.php(92): Dispatcher->dispatch(Object(CakeRequest), Object(CakeResponse))
#3 {main}
2012-06-27 21:53:33 Error: [MissingActionException] Action RecipesController::js() could not be found.
#0 C:\xampp\htdocs\cooking\lib\Cake\Routing\Dispatcher.php(103): Controller->invokeAction(Object(CakeRequest))
#1 C:\xampp\htdocs\cooking\lib\Cake\Routing\Dispatcher.php(85): Dispatcher->_invoke(Object(RecipesController), Object(CakeRequest), Object(CakeResponse))
#2 C:\xampp\htdocs\cooking\app\webroot\index.php(92): Dispatcher->dispatch(Object(CakeRequest), Object(CakeResponse))
#3 {main}
2012-06-27 21:53:37 Error: [MissingActionException] Action RecipesController::js() could not be found.
#0 C:\xampp\htdocs\cooking\lib\Cake\Routing\Dispatcher.php(103): Controller->invokeAction(Object(CakeRequest))
#1 C:\xampp\htdocs\cooking\lib\Cake\Routing\Dispatcher.php(85): Dispatcher->_invoke(Object(RecipesController), Object(CakeRequest), Object(CakeResponse))
#2 C:\xampp\htdocs\cooking\app\webroot\index.php(92): Dispatcher->dispatch(Object(CakeRequest), Object(CakeResponse))
#3 {main}
2012-06-28 16:40:32 Error: [MissingControllerException] Controller class Index.phpController could not be found.
#0 C:\xampp\htdocs\cooking\app\webroot\index.php(92): Dispatcher->dispatch(Object(CakeRequest), Object(CakeResponse))
#1 {main}
2012-06-28 16:46:59 Error: [MissingControllerException] Controller class JsController could not be found.
#0 C:\xampp\htdocs\cooking\app\webroot\index.php(92): Dispatcher->dispatch(Object(CakeRequest), Object(CakeResponse))
#1 {main}
2012-06-28 16:50:42 Error: [MissingControllerException] Controller class JsController could not be found.
#0 C:\xampp\htdocs\cooking\app\webroot\index.php(92): Dispatcher->dispatch(Object(CakeRequest), Object(CakeResponse))
#1 {main}
2012-06-28 16:51:48 Error: [MissingControllerException] Controller class JsController could not be found.
#0 C:\xampp\htdocs\cooking\app\webroot\index.php(92): Dispatcher->dispatch(Object(CakeRequest), Object(CakeResponse))
#1 {main}
2012-06-28 16:51:51 Error: [MissingControllerException] Controller class JsController could not be found.
#0 C:\xampp\htdocs\cooking\app\webroot\index.php(92): Dispatcher->dispatch(Object(CakeRequest), Object(CakeResponse))
#1 {main}
2012-06-28 16:51:53 Error: [MissingControllerException] Controller class JsController could not be found.
#0 C:\xampp\htdocs\cooking\app\webroot\index.php(92): Dispatcher->dispatch(Object(CakeRequest), Object(CakeResponse))
#1 {main}
2012-06-28 16:51:54 Error: [MissingControllerException] Controller class JsController could not be found.
#0 C:\xampp\htdocs\cooking\app\webroot\index.php(92): Dispatcher->dispatch(Object(CakeRequest), Object(CakeResponse))
#1 {main}
2012-06-28 16:53:41 Error: [MissingControllerException] Controller class JsController could not be found.
#0 C:\xampp\htdocs\cooking\app\webroot\index.php(92): Dispatcher->dispatch(Object(CakeRequest), Object(CakeResponse))
#1 {main}
2012-06-28 16:53:58 Error: [MissingControllerException] Controller class JsController could not be found.
#0 C:\xampp\htdocs\cooking\app\webroot\index.php(92): Dispatcher->dispatch(Object(CakeRequest), Object(CakeResponse))
#1 {main}
2012-06-28 16:54:29 Error: [MissingControllerException] Controller class JsController could not be found.
#0 C:\xampp\htdocs\cooking\app\webroot\index.php(92): Dispatcher->dispatch(Object(CakeRequest), Object(CakeResponse))
#1 {main}
2012-06-28 16:54:55 Error: [MissingControllerException] Controller class JsController could not be found.
#0 C:\xampp\htdocs\cooking\app\webroot\index.php(92): Dispatcher->dispatch(Object(CakeRequest), Object(CakeResponse))
#1 {main}
2012-06-28 16:56:02 Error: [MissingControllerException] Controller class JsController could not be found.
#0 C:\xampp\htdocs\cooking\app\webroot\index.php(92): Dispatcher->dispatch(Object(CakeRequest), Object(CakeResponse))
#1 {main}
2012-06-28 16:56:11 Error: [MissingControllerException] Controller class JsController could not be found.
#0 C:\xampp\htdocs\cooking\app\webroot\index.php(92): Dispatcher->dispatch(Object(CakeRequest), Object(CakeResponse))
#1 {main}
2012-06-28 17:00:07 Error: [MissingControllerException] Controller class JsController could not be found.
#0 C:\xampp\htdocs\cooking\app\webroot\index.php(92): Dispatcher->dispatch(Object(CakeRequest), Object(CakeResponse))
#1 {main}
2012-06-28 17:00:53 Error: [MissingControllerException] Controller class JsController could not be found.
#0 C:\xampp\htdocs\cooking\app\webroot\index.php(92): Dispatcher->dispatch(Object(CakeRequest), Object(CakeResponse))
#1 {main}
2012-06-28 17:01:09 Error: [MissingControllerException] Controller class JsController could not be found.
#0 C:\xampp\htdocs\cooking\app\webroot\index.php(92): Dispatcher->dispatch(Object(CakeRequest), Object(CakeResponse))
#1 {main}
2012-06-28 17:01:23 Error: [MissingControllerException] Controller class JsController could not be found.
#0 C:\xampp\htdocs\cooking\app\webroot\index.php(92): Dispatcher->dispatch(Object(CakeRequest), Object(CakeResponse))
#1 {main}
2012-06-28 17:01:27 Error: [MissingControllerException] Controller class JsController could not be found.
#0 C:\xampp\htdocs\cooking\app\webroot\index.php(92): Dispatcher->dispatch(Object(CakeRequest), Object(CakeResponse))
#1 {main}
2012-06-28 18:06:43 Error: [MissingActionException] Action RecipesController::js() could not be found.
#0 C:\xampp\htdocs\cooking\lib\Cake\Routing\Dispatcher.php(103): Controller->invokeAction(Object(CakeRequest))
#1 C:\xampp\htdocs\cooking\lib\Cake\Routing\Dispatcher.php(85): Dispatcher->_invoke(Object(RecipesController), Object(CakeRequest), Object(CakeResponse))
#2 C:\xampp\htdocs\cooking\app\webroot\index.php(92): Dispatcher->dispatch(Object(CakeRequest), Object(CakeResponse))
#3 {main}
2012-06-28 18:07:45 Error: [MissingActionException] Action RecipesController::js() could not be found.
#0 C:\xampp\htdocs\cooking\lib\Cake\Routing\Dispatcher.php(103): Controller->invokeAction(Object(CakeRequest))
#1 C:\xampp\htdocs\cooking\lib\Cake\Routing\Dispatcher.php(85): Dispatcher->_invoke(Object(RecipesController), Object(CakeRequest), Object(CakeResponse))
#2 C:\xampp\htdocs\cooking\app\webroot\index.php(92): Dispatcher->dispatch(Object(CakeRequest), Object(CakeResponse))
#3 {main}
2012-06-28 18:13:06 Error: [MissingActionException] Action RecipesController::plupload() could not be found.
#0 C:\xampp\htdocs\cooking\lib\Cake\Routing\Dispatcher.php(103): Controller->invokeAction(Object(CakeRequest))
#1 C:\xampp\htdocs\cooking\lib\Cake\Routing\Dispatcher.php(85): Dispatcher->_invoke(Object(RecipesController), Object(CakeRequest), Object(CakeResponse))
#2 C:\xampp\htdocs\cooking\app\webroot\index.php(92): Dispatcher->dispatch(Object(CakeRequest), Object(CakeResponse))
#3 {main}
2012-06-28 18:13:38 Error: [MissingActionException] Action RecipesController::plupload() could not be found.
#0 C:\xampp\htdocs\cooking\lib\Cake\Routing\Dispatcher.php(103): Controller->invokeAction(Object(CakeRequest))
#1 C:\xampp\htdocs\cooking\lib\Cake\Routing\Dispatcher.php(85): Dispatcher->_invoke(Object(RecipesController), Object(CakeRequest), Object(CakeResponse))
#2 C:\xampp\htdocs\cooking\app\webroot\index.php(92): Dispatcher->dispatch(Object(CakeRequest), Object(CakeResponse))
#3 {main}
2012-06-28 18:20:06 Error: [MissingControllerException] Controller class JsController could not be found.
#0 C:\xampp\htdocs\cooking\app\webroot\index.php(92): Dispatcher->dispatch(Object(CakeRequest), Object(CakeResponse))
#1 {main}
2012-06-28 18:20:06 Error: [MissingControllerException] Controller class JsController could not be found.
#0 C:\xampp\htdocs\cooking\app\webroot\index.php(92): Dispatcher->dispatch(Object(CakeRequest), Object(CakeResponse))
#1 {main}
2012-06-28 18:22:13 Error: [MissingControllerException] Controller class Index.phpController could not be found.
#0 C:\xampp\htdocs\cooking\app\webroot\index.php(92): Dispatcher->dispatch(Object(CakeRequest), Object(CakeResponse))
#1 {main}
2013-01-09 11:06:22 Error: Could not delete uploads from recipe id = 101 content must be deleted manually contentkey = p17gfb90rd1hqb4kj1e9t64n1sf03.jpg
2013-01-09 16:40:56 Error: [MissingControllerException] Controller class ImgController could not be found.
#0 C:\xampp\htdocs\SumoDinner\SumoDinner\app\webroot\index.php(92): Dispatcher->dispatch(Object(CakeRequest), Object(CakeResponse))
#1 {main}
2013-01-09 16:42:16 Error: [MissingControllerException] Controller class ImgController could not be found.
#0 C:\xampp\htdocs\SumoDinner\SumoDinner\app\webroot\index.php(92): Dispatcher->dispatch(Object(CakeRequest), Object(CakeResponse))
#1 {main}
2013-01-09 16:42:17 Error: [MissingControllerException] Controller class ImgController could not be found.
#0 C:\xampp\htdocs\SumoDinner\SumoDinner\app\webroot\index.php(92): Dispatcher->dispatch(Object(CakeRequest), Object(CakeResponse))
#1 {main}
2013-01-09 16:42:17 Error: [MissingControllerException] Controller class ImgController could not be found.
#0 C:\xampp\htdocs\SumoDinner\SumoDinner\app\webroot\index.php(92): Dispatcher->dispatch(Object(CakeRequest), Object(CakeResponse))
#1 {main}
2013-01-09 16:43:15 Error: [MissingControllerException] Controller class ImgController could not be found.
#0 C:\xampp\htdocs\SumoDinner\SumoDinner\app\webroot\index.php(92): Dispatcher->dispatch(Object(CakeRequest), Object(CakeResponse))
#1 {main}
2013-01-10 12:05:23 Error: [MissingActionException] Action RecipesController::display() could not be found.
#0 C:\xampp\htdocs\SumoDinner\SumoDinner\lib\Cake\Routing\Dispatcher.php(103): Controller->invokeAction(Object(CakeRequest))
#1 C:\xampp\htdocs\SumoDinner\SumoDinner\lib\Cake\Routing\Dispatcher.php(85): Dispatcher->_invoke(Object(RecipesController), Object(CakeRequest), Object(CakeResponse))
#2 C:\xampp\htdocs\SumoDinner\SumoDinner\app\webroot\index.php(92): Dispatcher->dispatch(Object(CakeRequest), Object(CakeResponse))
#3 {main}
2013-01-10 12:14:38 Error: [MissingControllerException] Controller class ImgController could not be found.
#0 C:\xampp\htdocs\SumoDinner\SumoDinner\app\webroot\index.php(92): Dispatcher->dispatch(Object(CakeRequest), Object(CakeResponse))
#1 {main}
2013-01-10 12:14:39 Error: [MissingControllerException] Controller class ImgController could not be found.
#0 C:\xampp\htdocs\SumoDinner\SumoDinner\app\webroot\index.php(92): Dispatcher->dispatch(Object(CakeRequest), Object(CakeResponse))
#1 {main}
2013-01-10 12:29:15 Error: [MissingHelperException] Helper class HtmlHelper could not be found.
#0 C:\xampp\htdocs\SumoDinner\SumoDinner\lib\Cake\View\View.php(852): HelperCollection->load('Html', Array)
#1 C:\xampp\htdocs\SumoDinner\SumoDinner\lib\Cake\View\View.php(458): View->loadHelpers()
#2 C:\xampp\htdocs\SumoDinner\SumoDinner\lib\Cake\Controller\Controller.php(959): View->render(NULL, NULL)
#3 C:\xampp\htdocs\SumoDinner\SumoDinner\lib\Cake\Routing\Dispatcher.php(110): Controller->render()
#4 C:\xampp\htdocs\SumoDinner\SumoDinner\lib\Cake\Routing\Dispatcher.php(85): Dispatcher->_invoke(Object(RecipesController), Object(CakeRequest), Object(CakeResponse))
#5 C:\xampp\htdocs\SumoDinner\SumoDinner\app\webroot\index.php(92): Dispatcher->dispatch(Object(CakeRequest), Object(CakeResponse))
#6 {main}
2013-01-10 12:29:16 Error: [MissingHelperException] Helper class HtmlHelper could not be found.
#0 C:\xampp\htdocs\SumoDinner\SumoDinner\lib\Cake\View\View.php(852): HelperCollection->load('Html', Array)
#1 C:\xampp\htdocs\SumoDinner\SumoDinner\lib\Cake\View\View.php(458): View->loadHelpers()
#2 C:\xampp\htdocs\SumoDinner\SumoDinner\lib\Cake\Controller\Controller.php(959): View->render(NULL, NULL)
#3 C:\xampp\htdocs\SumoDinner\SumoDinner\lib\Cake\Routing\Dispatcher.php(110): Controller->render()
#4 C:\xampp\htdocs\SumoDinner\SumoDinner\lib\Cake\Routing\Dispatcher.php(85): Dispatcher->_invoke(Object(RecipesController), Object(CakeRequest), Object(CakeResponse))
#5 C:\xampp\htdocs\SumoDinner\SumoDinner\app\webroot\index.php(92): Dispatcher->dispatch(Object(CakeRequest), Object(CakeResponse))
#6 {main}
2013-01-10 12:29:55 Error: [MissingHelperException] Helper class HtmlHelper could not be found.
#0 C:\xampp\htdocs\SumoDinner\SumoDinner\lib\Cake\View\View.php(852): HelperCollection->load('Html', Array)
#1 C:\xampp\htdocs\SumoDinner\SumoDinner\lib\Cake\View\View.php(458): View->loadHelpers()
#2 C:\xampp\htdocs\SumoDinner\SumoDinner\lib\Cake\Controller\Controller.php(959): View->render(NULL, NULL)
#3 C:\xampp\htdocs\SumoDinner\SumoDinner\lib\Cake\Routing\Dispatcher.php(110): Controller->render()
#4 C:\xampp\htdocs\SumoDinner\SumoDinner\lib\Cake\Routing\Dispatcher.php(85): Dispatcher->_invoke(Object(RecipesController), Object(CakeRequest), Object(CakeResponse))
#5 C:\xampp\htdocs\SumoDinner\SumoDinner\app\webroot\index.php(92): Dispatcher->dispatch(Object(CakeRequest), Object(CakeResponse))
#6 {main}
2013-01-10 12:29:55 Error: [MissingHelperException] Helper class HtmlHelper could not be found.
#0 C:\xampp\htdocs\SumoDinner\SumoDinner\lib\Cake\View\View.php(852): HelperCollection->load('Html', Array)
#1 C:\xampp\htdocs\SumoDinner\SumoDinner\lib\Cake\View\View.php(458): View->loadHelpers()
#2 C:\xampp\htdocs\SumoDinner\SumoDinner\lib\Cake\Controller\Controller.php(959): View->render(NULL, NULL)
#3 C:\xampp\htdocs\SumoDinner\SumoDinner\lib\Cake\Routing\Dispatcher.php(110): Controller->render()
#4 C:\xampp\htdocs\SumoDinner\SumoDinner\lib\Cake\Routing\Dispatcher.php(85): Dispatcher->_invoke(Object(RecipesController), Object(CakeRequest), Object(CakeResponse))
#5 C:\xampp\htdocs\SumoDinner\SumoDinner\app\webroot\index.php(92): Dispatcher->dispatch(Object(CakeRequest), Object(CakeResponse))
#6 {main}
2013-01-10 12:29:55 Error: [MissingHelperException] Helper class HtmlHelper could not be found.
#0 C:\xampp\htdocs\SumoDinner\SumoDinner\lib\Cake\View\View.php(852): HelperCollection->load('Html', Array)
#1 C:\xampp\htdocs\SumoDinner\SumoDinner\lib\Cake\View\View.php(458): View->loadHelpers()
#2 C:\xampp\htdocs\SumoDinner\SumoDinner\lib\Cake\Controller\Controller.php(959): View->render(NULL, NULL)
#3 C:\xampp\htdocs\SumoDinner\SumoDinner\lib\Cake\Routing\Dispatcher.php(110): Controller->render()
#4 C:\xampp\htdocs\SumoDinner\SumoDinner\lib\Cake\Routing\Dispatcher.php(85): Dispatcher->_invoke(Object(RecipesController), Object(CakeRequest), Object(CakeResponse))
#5 C:\xampp\htdocs\SumoDinner\SumoDinner\app\webroot\index.php(92): Dispatcher->dispatch(Object(CakeRequest), Object(CakeResponse))
#6 {main}
2013-01-10 12:29:56 Error: [MissingHelperException] Helper class HtmlHelper could not be found.
#0 C:\xampp\htdocs\SumoDinner\SumoDinner\lib\Cake\View\View.php(852): HelperCollection->load('Html', Array)
#1 C:\xampp\htdocs\SumoDinner\SumoDinner\lib\Cake\View\View.php(458): View->loadHelpers()
#2 C:\xampp\htdocs\SumoDinner\SumoDinner\lib\Cake\Controller\Controller.php(959): View->render(NULL, NULL)
#3 C:\xampp\htdocs\SumoDinner\SumoDinner\lib\Cake\Routing\Dispatcher.php(110): Controller->render()
#4 C:\xampp\htdocs\SumoDinner\SumoDinner\lib\Cake\Routing\Dispatcher.php(85): Dispatcher->_invoke(Object(RecipesController), Object(CakeRequest), Object(CakeResponse))
#5 C:\xampp\htdocs\SumoDinner\SumoDinner\app\webroot\index.php(92): Dispatcher->dispatch(Object(CakeRequest), Object(CakeResponse))
#6 {main}
2013-01-10 12:30:34 Error: [MissingHelperException] Helper class HtmlHelper could not be found.
#0 C:\xampp\htdocs\SumoDinner\SumoDinner\lib\Cake\View\View.php(852): HelperCollection->load('Html', Array)
#1 C:\xampp\htdocs\SumoDinner\SumoDinner\lib\Cake\View\View.php(458): View->loadHelpers()
#2 C:\xampp\htdocs\SumoDinner\SumoDinner\lib\Cake\Controller\Controller.php(959): View->render(NULL, NULL)
#3 C:\xampp\htdocs\SumoDinner\SumoDinner\lib\Cake\Routing\Dispatcher.php(110): Controller->render()
#4 C:\xampp\htdocs\SumoDinner\SumoDinner\lib\Cake\Routing\Dispatcher.php(85): Dispatcher->_invoke(Object(RecipesController), Object(CakeRequest), Object(CakeResponse))
#5 C:\xampp\htdocs\SumoDinner\SumoDinner\app\webroot\index.php(92): Dispatcher->dispatch(Object(CakeRequest), Object(CakeResponse))
#6 {main}
2013-01-10 12:30:34 Error: [MissingHelperException] Helper class HtmlHelper could not be found.
#0 C:\xampp\htdocs\SumoDinner\SumoDinner\lib\Cake\View\View.php(852): HelperCollection->load('Html', Array)
#1 C:\xampp\htdocs\SumoDinner\SumoDinner\lib\Cake\View\View.php(458): View->loadHelpers()
#2 C:\xampp\htdocs\SumoDinner\SumoDinner\lib\Cake\Controller\Controller.php(959): View->render(NULL, NULL)
#3 C:\xampp\htdocs\SumoDinner\SumoDinner\lib\Cake\Routing\Dispatcher.php(110): Controller->render()
#4 C:\xampp\htdocs\SumoDinner\SumoDinner\lib\Cake\Routing\Dispatcher.php(85): Dispatcher->_invoke(Object(RecipesController), Object(CakeRequest), Object(CakeResponse))
#5 C:\xampp\htdocs\SumoDinner\SumoDinner\app\webroot\index.php(92): Dispatcher->dispatch(Object(CakeRequest), Object(CakeResponse))
#6 {main}
2013-01-10 12:30:35 Error: [MissingHelperException] Helper class HtmlHelper could not be found.
#0 C:\xampp\htdocs\SumoDinner\SumoDinner\lib\Cake\View\View.php(852): HelperCollection->load('Html', Array)
#1 C:\xampp\htdocs\SumoDinner\SumoDinner\lib\Cake\View\View.php(458): View->loadHelpers()
#2 C:\xampp\htdocs\SumoDinner\SumoDinner\lib\Cake\Controller\Controller.php(959): View->render(NULL, NULL)
#3 C:\xampp\htdocs\SumoDinner\SumoDinner\lib\Cake\Routing\Dispatcher.php(110): Controller->render()
#4 C:\xampp\htdocs\SumoDinner\SumoDinner\lib\Cake\Routing\Dispatcher.php(85): Dispatcher->_invoke(Object(RecipesController), Object(CakeRequest), Object(CakeResponse))
#5 C:\xampp\htdocs\SumoDinner\SumoDinner\app\webroot\index.php(92): Dispatcher->dispatch(Object(CakeRequest), Object(CakeResponse))
#6 {main}
2013-01-10 12:30:35 Error: [MissingHelperException] Helper class HtmlHelper could not be found.
#0 C:\xampp\htdocs\SumoDinner\SumoDinner\lib\Cake\View\View.php(852): HelperCollection->load('Html', Array)
#1 C:\xampp\htdocs\SumoDinner\SumoDinner\lib\Cake\View\View.php(458): View->loadHelpers()
#2 C:\xampp\htdocs\SumoDinner\SumoDinner\lib\Cake\Controller\Controller.php(959): View->render(NULL, NULL)
#3 C:\xampp\htdocs\SumoDinner\SumoDinner\lib\Cake\Routing\Dispatcher.php(110): Controller->render()
#4 C:\xampp\htdocs\SumoDinner\SumoDinner\lib\Cake\Routing\Dispatcher.php(85): Dispatcher->_invoke(Object(RecipesController), Object(CakeRequest), Object(CakeResponse))
#5 C:\xampp\htdocs\SumoDinner\SumoDinner\app\webroot\index.php(92): Dispatcher->dispatch(Object(CakeRequest), Object(CakeResponse))
#6 {main}
2013-01-10 12:30:35 Error: [MissingHelperException] Helper class HtmlHelper could not be found.
#0 C:\xampp\htdocs\SumoDinner\SumoDinner\lib\Cake\View\View.php(852): HelperCollection->load('Html', Array)
#1 C:\xampp\htdocs\SumoDinner\SumoDinner\lib\Cake\View\View.php(458): View->loadHelpers()
#2 C:\xampp\htdocs\SumoDinner\SumoDinner\lib\Cake\Controller\Controller.php(959): View->render(NULL, NULL)
#3 C:\xampp\htdocs\SumoDinner\SumoDinner\lib\Cake\Routing\Dispatcher.php(110): Controller->render()
#4 C:\xampp\htdocs\SumoDinner\SumoDinner\lib\Cake\Routing\Dispatcher.php(85): Dispatcher->_invoke(Object(RecipesController), Object(CakeRequest), Object(CakeResponse))
#5 C:\xampp\htdocs\SumoDinner\SumoDinner\app\webroot\index.php(92): Dispatcher->dispatch(Object(CakeRequest), Object(CakeResponse))
#6 {main}
2013-01-10 12:30:35 Error: [MissingHelperException] Helper class HtmlHelper could not be found.
#0 C:\xampp\htdocs\SumoDinner\SumoDinner\lib\Cake\View\View.php(852): HelperCollection->load('Html', Array)
#1 C:\xampp\htdocs\SumoDinner\SumoDinner\lib\Cake\View\View.php(458): View->loadHelpers()
#2 C:\xampp\htdocs\SumoDinner\SumoDinner\lib\Cake\Controller\Controller.php(959): View->render(NULL, NULL)
#3 C:\xampp\htdocs\SumoDinner\SumoDinner\lib\Cake\Routing\Dispatcher.php(110): Controller->render()
#4 C:\xampp\htdocs\SumoDinner\SumoDinner\lib\Cake\Routing\Dispatcher.php(85): Dispatcher->_invoke(Object(RecipesController), Object(CakeRequest), Object(CakeResponse))
#5 C:\xampp\htdocs\SumoDinner\SumoDinner\app\webroot\index.php(92): Dispatcher->dispatch(Object(CakeRequest), Object(CakeResponse))
#6 {main}
2013-01-10 12:31:09 Error: [MissingHelperException] Helper class HtmlHelper could not be found.
#0 C:\xampp\htdocs\SumoDinner\SumoDinner\lib\Cake\View\View.php(852): HelperCollection->load('Html', Array)
#1 C:\xampp\htdocs\SumoDinner\SumoDinner\lib\Cake\View\View.php(458): View->loadHelpers()
#2 C:\xampp\htdocs\SumoDinner\SumoDinner\lib\Cake\Controller\Controller.php(959): View->render(NULL, NULL)
#3 C:\xampp\htdocs\SumoDinner\SumoDinner\lib\Cake\Routing\Dispatcher.php(110): Controller->render()
#4 C:\xampp\htdocs\SumoDinner\SumoDinner\lib\Cake\Routing\Dispatcher.php(85): Dispatcher->_invoke(Object(RecipesController), Object(CakeRequest), Object(CakeResponse))
#5 C:\xampp\htdocs\SumoDinner\SumoDinner\app\webroot\index.php(92): Dispatcher->dispatch(Object(CakeRequest), Object(CakeResponse))
#6 {main}
2013-01-10 12:35:17 Error: [MissingControllerException] Controller class ImgController could not be found.
#0 C:\xampp\htdocs\SumoDinner\SumoDinner\app\webroot\index.php(92): Dispatcher->dispatch(Object(CakeRequest), Object(CakeResponse))
#1 {main}
2013-01-10 12:38:28 Error: [MissingControllerException] Controller class ImgController could not be found.
#0 C:\xampp\htdocs\SumoDinner\SumoDinner\app\webroot\index.php(92): Dispatcher->dispatch(Object(CakeRequest), Object(CakeResponse))
#1 {main}
2013-01-10 12:38:28 Error: [MissingControllerException] Controller class ImgController could not be found.
#0 C:\xampp\htdocs\SumoDinner\SumoDinner\app\webroot\index.php(92): Dispatcher->dispatch(Object(CakeRequest), Object(CakeResponse))
#1 {main}
2013-01-10 12:46:15 Error: [MissingControllerException] Controller class UploadscakeLogo.pngController could not be found.
#0 C:\xampp\htdocs\SumoDinner\SumoDinner\app\webroot\index.php(92): Dispatcher->dispatch(Object(CakeRequest), Object(CakeResponse))
#1 {main}
2013-01-10 12:52:40 Error: [MissingControllerException] Controller class ImgController could not be found.
#0 C:\xampp\htdocs\SumoDinner\SumoDinner\app\webroot\index.php(92): Dispatcher->dispatch(Object(CakeRequest), Object(CakeResponse))
#1 {main}
2013-01-10 12:52:40 Error: [MissingControllerException] Controller class ImgController could not be found.
#0 C:\xampp\htdocs\SumoDinner\SumoDinner\app\webroot\index.php(92): Dispatcher->dispatch(Object(CakeRequest), Object(CakeResponse))
#1 {main}
2013-01-10 12:52:41 Error: [MissingControllerException] Controller class ImgController could not be found.
#0 C:\xampp\htdocs\SumoDinner\SumoDinner\app\webroot\index.php(92): Dispatcher->dispatch(Object(CakeRequest), Object(CakeResponse))
#1 {main}
2013-01-10 12:52:41 Error: [MissingControllerException] Controller class ImgController could not be found.
#0 C:\xampp\htdocs\SumoDinner\SumoDinner\app\webroot\index.php(92): Dispatcher->dispatch(Object(CakeRequest), Object(CakeResponse))
#1 {main}
2013-01-10 12:52:41 Error: [MissingControllerException] Controller class ImgController could not be found.
#0 C:\xampp\htdocs\SumoDinner\SumoDinner\app\webroot\index.php(92): Dispatcher->dispatch(Object(CakeRequest), Object(CakeResponse))
#1 {main}
2013-01-10 12:53:57 Error: [MissingControllerException] Controller class ImgController could not be found.
#0 C:\xampp\htdocs\SumoDinner\SumoDinner\app\webroot\index.php(92): Dispatcher->dispatch(Object(CakeRequest), Object(CakeResponse))
#1 {main}
2013-01-10 12:53:57 Error: [MissingControllerException] Controller class ImgController could not be found.
#0 C:\xampp\htdocs\SumoDinner\SumoDinner\app\webroot\index.php(92): Dispatcher->dispatch(Object(CakeRequest), Object(CakeResponse))
#1 {main}
2013-01-10 12:54:28 Error: [MissingControllerException] Controller class ImgController could not be found.
#0 C:\xampp\htdocs\SumoDinner\SumoDinner\app\webroot\index.php(92): Dispatcher->dispatch(Object(CakeRequest), Object(CakeResponse))
#1 {main}
2013-01-10 12:54:28 Error: [MissingControllerException] Controller class ImgController could not be found.
#0 C:\xampp\htdocs\SumoDinner\SumoDinner\app\webroot\index.php(92): Dispatcher->dispatch(Object(CakeRequest), Object(CakeResponse))
#1 {main}
2013-01-10 12:56:40 Error: [MissingHelperException] Helper class RHtmlHelper could not be found.
#0 C:\xampp\htdocs\SumoDinner\SumoDinner\lib\Cake\View\View.php(852): HelperCollection->load('RHtml', Array)
#1 C:\xampp\htdocs\SumoDinner\SumoDinner\lib\Cake\View\View.php(458): View->loadHelpers()
#2 C:\xampp\htdocs\SumoDinner\SumoDinner\lib\Cake\Controller\Controller.php(959): View->render(NULL, NULL)
#3 C:\xampp\htdocs\SumoDinner\SumoDinner\lib\Cake\Routing\Dispatcher.php(110): Controller->render()
#4 C:\xampp\htdocs\SumoDinner\SumoDinner\lib\Cake\Routing\Dispatcher.php(85): Dispatcher->_invoke(Object(RecipesController), Object(CakeRequest), Object(CakeResponse))
#5 C:\xampp\htdocs\SumoDinner\SumoDinner\app\webroot\index.php(92): Dispatcher->dispatch(Object(CakeRequest), Object(CakeResponse))
#6 {main}
2013-01-10 12:57:01 Error: [MissingControllerException] Controller class ImgController could not be found.
#0 C:\xampp\htdocs\SumoDinner\SumoDinner\app\webroot\index.php(92): Dispatcher->dispatch(Object(CakeRequest), Object(CakeResponse))
#1 {main}
2013-01-10 12:57:27 Error: [MissingControllerException] Controller class ImgController could not be found.
#0 C:\xampp\htdocs\SumoDinner\SumoDinner\app\webroot\index.php(92): Dispatcher->dispatch(Object(CakeRequest), Object(CakeResponse))
#1 {main}
2013-01-10 16:49:28 Error: [PDOException] SQLSTATE[23000]: Integrity constraint violation: 19 images.name may not be NULL
#0 C:\xampp\htdocs\SumoDinner\SumoDinner\lib\Cake\Model\Datasource\DboSource.php(437): PDOStatement->execute(Array)
#1 C:\xampp\htdocs\SumoDinner\SumoDinner\lib\Cake\Model\Datasource\DboSource.php(403): DboSource->_execute('INSERT INTO "ma...', Array)
#2 C:\xampp\htdocs\SumoDinner\SumoDinner\lib\Cake\Model\Datasource\DboSource.php(985): DboSource->execute('INSERT INTO "ma...')
#3 C:\xampp\htdocs\SumoDinner\SumoDinner\lib\Cake\Model\Model.php(1721): DboSource->create(Object(Image), Array, Array)
#4 C:\xampp\htdocs\SumoDinner\SumoDinner\lib\Cake\Model\Model.php(2081): Model->save(Array, Array)
#5 C:\xampp\htdocs\SumoDinner\SumoDinner\lib\Cake\Model\Model.php(2286): Model->saveMany(Array, Array)
#6 C:\xampp\htdocs\SumoDinner\SumoDinner\lib\Cake\Model\Model.php(2023): Model->saveAssociated(Array, Array)
#7 C:\xampp\htdocs\SumoDinner\SumoDinner\app\Controller\RecipesController.php(59): Model->saveAll(Array)
#8 [internal function]: RecipesController->add()
#9 C:\xampp\htdocs\SumoDinner\SumoDinner\lib\Cake\Controller\Controller.php(485): ReflectionMethod->invokeArgs(Object(RecipesController), Array)
#10 C:\xampp\htdocs\SumoDinner\SumoDinner\lib\Cake\Routing\Dispatcher.php(103): Controller->invokeAction(Object(CakeRequest))
#11 C:\xampp\htdocs\SumoDinner\SumoDinner\lib\Cake\Routing\Dispatcher.php(85): Dispatcher->_invoke(Object(RecipesController), Object(CakeRequest), Object(CakeResponse))
#12 C:\xampp\htdocs\SumoDinner\SumoDinner\app\webroot\index.php(92): Dispatcher->dispatch(Object(CakeRequest), Object(CakeResponse))
#13 {main}
